[15-Sep-2017 22:34:48 UTC] PHP Fatal error:  Call to undefined function play() in /home/ubuntu/workspace/noguzm/homework/homework2/index.php on line 17
[15-Sep-2017 22:34:48 UTC] PHP Stack trace:
[15-Sep-2017 22:34:48 UTC] PHP   1. {main}() /home/ubuntu/workspace/noguzm/homework/homework2/index.php:0
[15-Sep-2017 22:34:59 UTC] PHP Fatal error:  Call to undefined function play() in /home/ubuntu/workspace/noguzm/homework/homework2/index.php on line 17
[15-Sep-2017 22:34:59 UTC] PHP Stack trace:
[15-Sep-2017 22:34:59 UTC] PHP   1. {main}() /home/ubuntu/workspace/noguzm/homework/homework2/index.php:0
[15-Sep-2017 23:33:57 UTC] PHP Warning:  Missing argument 1 for play(), called in /home/ubuntu/workspace/noguzm/homework/homework2/index.php on line 17 and defined in /home/ubuntu/workspace/noguzm/homework/homework2/inc/functions.php on line 41
[15-Sep-2017 23:33:57 UTC] PHP Stack trace:
[15-Sep-2017 23:33:57 UTC] PHP   1. {main}() /home/ubuntu/workspace/noguzm/homework/homework2/index.php:0
[15-Sep-2017 23:33:57 UTC] PHP   2. play() /home/ubuntu/workspace/noguzm/homework/homework2/index.php:17
[15-Sep-2017 23:33:57 UTC] PHP Warning:  Missing argument 2 for play(), called in /home/ubuntu/workspace/noguzm/homework/homework2/index.php on line 17 and defined in /home/ubuntu/workspace/noguzm/homework/homework2/inc/functions.php on line 41
[15-Sep-2017 23:33:57 UTC] PHP Stack trace:
[15-Sep-2017 23:33:57 UTC] PHP   1. {main}() /home/ubuntu/workspace/noguzm/homework/homework2/index.php:0
[15-Sep-2017 23:33:57 UTC] PHP   2. play() /home/ubuntu/workspace/noguzm/homework/homework2/index.php:17
[17-Sep-2017 05:07:38 UTC] PHP Fatal error:  Call to undefined function displayCard() in /home/ubuntu/workspace/noguzm/homework/homework2/inc/functions.php on line 5
[17-Sep-2017 05:07:38 UTC] PHP Stack trace:
[17-Sep-2017 05:07:38 UTC] PHP   1. {main}() /home/ubuntu/workspace/noguzm/homework/homework2/index.php:0
[17-Sep-2017 05:07:38 UTC] PHP   2. play() /home/ubuntu/workspace/noguzm/homework/homework2/index.php:17
[17-Sep-2017 05:08:49 UTC] PHP Parse error:  syntax error, unexpected end of file in /home/ubuntu/workspace/noguzm/homework/homework2/inc/functions.php on line 60
[17-Sep-2017 05:08:49 UTC] PHP Stack trace:
[17-Sep-2017 05:08:49 UTC] PHP   1. {main}() /home/ubuntu/workspace/noguzm/homework/homework2/index.php:0
[17-Sep-2017 05:46:42 UTC] PHP Parse error:  syntax error, unexpected '4' (T_LNUMBER) in /home/ubuntu/workspace/noguzm/homework/homework2/inc/functions.php on line 38
[17-Sep-2017 05:46:42 UTC] PHP Stack trace:
[17-Sep-2017 05:46:42 UTC] PHP   1. {main}() /home/ubuntu/workspace/noguzm/homework/homework2/index.php:0
[17-Sep-2017 18:48:21 UTC] PHP Warning:  array_pop() expects parameter 1 to be array, null given in /home/ubuntu/workspace/noguzm/homework/homework2/inc/functions.php on line 23
[17-Sep-2017 18:48:21 UTC] PHP Stack trace:
[17-Sep-2017 18:48:21 UTC] PHP   1. {main}() /home/ubuntu/workspace/noguzm/homework/homework2/index.php:0
[17-Sep-2017 18:48:21 UTC] PHP   2. play() /home/ubuntu/workspace/noguzm/homework/homework2/index.php:17
[17-Sep-2017 18:48:21 UTC] PHP   3. array_pop() /home/ubuntu/workspace/noguzm/homework/homework2/inc/functions.php:23
[17-Sep-2017 18:48:21 UTC] PHP Warning:  array_push() expects parameter 1 to be array, null given in /home/ubuntu/workspace/noguzm/homework/homework2/inc/functions.php on line 23
[17-Sep-2017 18:48:21 UTC] PHP Stack trace:
[17-Sep-2017 18:48:21 UTC] PHP   1. {main}() /home/ubuntu/workspace/noguzm/homework/homework2/index.php:0
[17-Sep-2017 18:48:21 UTC] PHP   2. play() /home/ubuntu/workspace/noguzm/homework/homework2/index.php:17
[17-Sep-2017 18:48:21 UTC] PHP   3. array_push() /home/ubuntu/workspace/noguzm/homework/homework2/inc/functions.php:23
[17-Sep-2017 18:48:21 UTC] PHP Warning:  sizeof() expects at least 1 parameter, 0 given in /home/ubuntu/workspace/noguzm/homework/homework2/inc/functions.php on line 25
[17-Sep-2017 18:48:21 UTC] PHP Stack trace:
[17-Sep-2017 18:48:21 UTC] PHP   1. {main}() /home/ubuntu/workspace/noguzm/homework/homework2/index.php:0
[17-Sep-2017 18:48:21 UTC] PHP   2. play() /home/ubuntu/workspace/noguzm/homework/homework2/index.php:17
[17-Sep-2017 18:48:21 UTC] PHP   3. sizeof() /home/ubuntu/workspace/noguzm/homework/homework2/inc/functions.php:25
[17-Sep-2017 18:48:21 UTC] PHP Warning:  sizeof() expects at least 1 parameter, 0 given in /home/ubuntu/workspace/noguzm/homework/homework2/inc/functions.php on line 28
[17-Sep-2017 18:48:21 UTC] PHP Stack trace:
[17-Sep-2017 18:48:21 UTC] PHP   1. {main}() /home/ubuntu/workspace/noguzm/homework/homework2/index.php:0
[17-Sep-2017 18:48:21 UTC] PHP   2. play() /home/ubuntu/workspace/noguzm/homework/homework2/index.php:17
[17-Sep-2017 18:48:21 UTC] PHP   3. sizeof() /home/ubuntu/workspace/noguzm/homework/homework2/inc/functions.php:28
[17-Sep-2017 19:25:15 UTC] PHP Warning:  array_push() expects parameter 1 to be array, null given in /home/ubuntu/workspace/noguzm/homework/homework2/inc/functions.php on line 18
[17-Sep-2017 19:25:15 UTC] PHP Stack trace:
[17-Sep-2017 19:25:15 UTC] PHP   1. {main}() /home/ubuntu/workspace/noguzm/homework/homework2/index.php:0
[17-Sep-2017 19:25:15 UTC] PHP   2. play() /home/ubuntu/workspace/noguzm/homework/homework2/index.php:17
[17-Sep-2017 19:25:15 UTC] PHP   3. array_push() /home/ubuntu/workspace/noguzm/homework/homework2/inc/functions.php:18
[17-Sep-2017 19:25:15 UTC] PHP Warning:  sizeof() expects at least 1 parameter, 0 given in /home/ubuntu/workspace/noguzm/homework/homework2/inc/functions.php on line 26
[17-Sep-2017 19:25:15 UTC] PHP Stack trace:
[17-Sep-2017 19:25:15 UTC] PHP   1. {main}() /home/ubuntu/workspace/noguzm/homework/homework2/index.php:0
[17-Sep-2017 19:25:15 UTC] PHP   2. play() /home/ubuntu/workspace/noguzm/homework/homework2/index.php:17
[17-Sep-2017 19:25:15 UTC] PHP   3. sizeof() /home/ubuntu/workspace/noguzm/homework/homework2/inc/functions.php:26
[17-Sep-2017 19:25:15 UTC] PHP Warning:  sizeof() expects at least 1 parameter, 0 given in /home/ubuntu/workspace/noguzm/homework/homework2/inc/functions.php on line 29
[17-Sep-2017 19:25:15 UTC] PHP Stack trace:
[17-Sep-2017 19:25:15 UTC] PHP   1. {main}() /home/ubuntu/workspace/noguzm/homework/homework2/index.php:0
[17-Sep-2017 19:25:15 UTC] PHP   2. play() /home/ubuntu/workspace/noguzm/homework/homework2/index.php:17
[17-Sep-2017 19:25:15 UTC] PHP   3. sizeof() /home/ubuntu/workspace/noguzm/homework/homework2/inc/functions.php:29
[17-Sep-2017 19:26:50 UTC] PHP Warning:  array_push() expects parameter 1 to be array, null given in /home/ubuntu/workspace/noguzm/homework/homework2/inc/functions.php on line 24
[17-Sep-2017 19:26:50 UTC] PHP Stack trace:
[17-Sep-2017 19:26:50 UTC] PHP   1. {main}() /home/ubuntu/workspace/noguzm/homework/homework2/index.php:0
[17-Sep-2017 19:26:50 UTC] PHP   2. play() /home/ubuntu/workspace/noguzm/homework/homework2/index.php:17
[17-Sep-2017 19:26:50 UTC] PHP   3. array_push() /home/ubuntu/workspace/noguzm/homework/homework2/inc/functions.php:24
[17-Sep-2017 19:26:50 UTC] PHP Warning:  sizeof() expects at least 1 parameter, 0 given in /home/ubuntu/workspace/noguzm/homework/homework2/inc/functions.php on line 26
[17-Sep-2017 19:26:50 UTC] PHP Stack trace:
[17-Sep-2017 19:26:50 UTC] PHP   1. {main}() /home/ubuntu/workspace/noguzm/homework/homework2/index.php:0
[17-Sep-2017 19:26:50 UTC] PHP   2. play() /home/ubuntu/workspace/noguzm/homework/homework2/index.php:17
[17-Sep-2017 19:26:50 UTC] PHP   3. sizeof() /home/ubuntu/workspace/noguzm/homework/homework2/inc/functions.php:26
[17-Sep-2017 19:26:50 UTC] PHP Warning:  sizeof() expects at least 1 parameter, 0 given in /home/ubuntu/workspace/noguzm/homework/homework2/inc/functions.php on line 29
[17-Sep-2017 19:26:50 UTC] PHP Stack trace:
[17-Sep-2017 19:26:50 UTC] PHP   1. {main}() /home/ubuntu/workspace/noguzm/homework/homework2/index.php:0
[17-Sep-2017 19:26:50 UTC] PHP   2. play() /home/ubuntu/workspace/noguzm/homework/homework2/index.php:17
[17-Sep-2017 19:26:50 UTC] PHP   3. sizeof() /home/ubuntu/workspace/noguzm/homework/homework2/inc/functions.php:29
[17-Sep-2017 19:26:51 UTC] PHP Warning:  array_push() expects parameter 1 to be array, null given in /home/ubuntu/workspace/noguzm/homework/homework2/inc/functions.php on line 24
[17-Sep-2017 19:26:51 UTC] PHP Stack trace:
[17-Sep-2017 19:26:51 UTC] PHP   1. {main}() /home/ubuntu/workspace/noguzm/homework/homework2/index.php:0
[17-Sep-2017 19:26:51 UTC] PHP   2. play() /home/ubuntu/workspace/noguzm/homework/homework2/index.php:17
[17-Sep-2017 19:26:51 UTC] PHP   3. array_push() /home/ubuntu/workspace/noguzm/homework/homework2/inc/functions.php:24
[17-Sep-2017 19:26:51 UTC] PHP Warning:  sizeof() expects at least 1 parameter, 0 given in /home/ubuntu/workspace/noguzm/homework/homework2/inc/functions.php on line 26
[17-Sep-2017 19:26:51 UTC] PHP Stack trace:
[17-Sep-2017 19:26:51 UTC] PHP   1. {main}() /home/ubuntu/workspace/noguzm/homework/homework2/index.php:0
[17-Sep-2017 19:26:51 UTC] PHP   2. play() /home/ubuntu/workspace/noguzm/homework/homework2/index.php:17
[17-Sep-2017 19:26:51 UTC] PHP   3. sizeof() /home/ubuntu/workspace/noguzm/homework/homework2/inc/functions.php:26
[17-Sep-2017 19:26:51 UTC] PHP Warning:  sizeof() expects at least 1 parameter, 0 given in /home/ubuntu/workspace/noguzm/homework/homework2/inc/functions.php on line 29
[17-Sep-2017 19:26:51 UTC] PHP Stack trace:
[17-Sep-2017 19:26:51 UTC] PHP   1. {main}() /home/ubuntu/workspace/noguzm/homework/homework2/index.php:0
[17-Sep-2017 19:26:51 UTC] PHP   2. play() /home/ubuntu/workspace/noguzm/homework/homework2/index.php:17
[17-Sep-2017 19:26:51 UTC] PHP   3. sizeof() /home/ubuntu/workspace/noguzm/homework/homework2/inc/functions.php:29
[17-Sep-2017 19:26:54 UTC] PHP Warning:  array_push() expects parameter 1 to be array, null given in /home/ubuntu/workspace/noguzm/homework/homework2/inc/functions.php on line 24
[17-Sep-2017 19:26:54 UTC] PHP Stack trace:
[17-Sep-2017 19:26:54 UTC] PHP   1. {main}() /home/ubuntu/workspace/noguzm/homework/homework2/index.php:0
[17-Sep-2017 19:26:54 UTC] PHP   2. play() /home/ubuntu/workspace/noguzm/homework/homework2/index.php:17
[17-Sep-2017 19:26:54 UTC] PHP   3. array_push() /home/ubuntu/workspace/noguzm/homework/homework2/inc/functions.php:24
[17-Sep-2017 19:26:54 UTC] PHP Warning:  sizeof() expects at least 1 parameter, 0 given in /home/ubuntu/workspace/noguzm/homework/homework2/inc/functions.php on line 26
[17-Sep-2017 19:26:54 UTC] PHP Stack trace:
[17-Sep-2017 19:26:54 UTC] PHP   1. {main}() /home/ubuntu/workspace/noguzm/homework/homework2/index.php:0
[17-Sep-2017 19:26:54 UTC] PHP   2. play() /home/ubuntu/workspace/noguzm/homework/homework2/index.php:17
[17-Sep-2017 19:26:54 UTC] PHP   3. sizeof() /home/ubuntu/workspace/noguzm/homework/homework2/inc/functions.php:26
[17-Sep-2017 19:26:54 UTC] PHP Warning:  sizeof() expects at least 1 parameter, 0 given in /home/ubuntu/workspace/noguzm/homework/homework2/inc/functions.php on line 29
[17-Sep-2017 19:26:54 UTC] PHP Stack trace:
[17-Sep-2017 19:26:54 UTC] PHP   1. {main}() /home/ubuntu/workspace/noguzm/homework/homework2/index.php:0
[17-Sep-2017 19:26:54 UTC] PHP   2. play() /home/ubuntu/workspace/noguzm/homework/homework2/index.php:17
[17-Sep-2017 19:26:54 UTC] PHP   3. sizeof() /home/ubuntu/workspace/noguzm/homework/homework2/inc/functions.php:29
[17-Sep-2017 19:27:55 UTC] PHP Warning:  array_push() expects parameter 1 to be array, null given in /home/ubuntu/workspace/noguzm/homework/homework2/inc/functions.php on line 24
[17-Sep-2017 19:27:55 UTC] PHP Stack trace:
[17-Sep-2017 19:27:55 UTC] PHP   1. {main}() /home/ubuntu/workspace/noguzm/homework/homework2/index.php:0
[17-Sep-2017 19:27:55 UTC] PHP   2. play() /home/ubuntu/workspace/noguzm/homework/homework2/index.php:17
[17-Sep-2017 19:27:55 UTC] PHP   3. array_push() /home/ubuntu/workspace/noguzm/homework/homework2/inc/functions.php:24
[17-Sep-2017 19:27:55 UTC] PHP Warning:  sizeof() expects at least 1 parameter, 0 given in /home/ubuntu/workspace/noguzm/homework/homework2/inc/functions.php on line 27
[17-Sep-2017 19:27:55 UTC] PHP Stack trace:
[17-Sep-2017 19:27:55 UTC] PHP   1. {main}() /home/ubuntu/workspace/noguzm/homework/homework2/index.php:0
[17-Sep-2017 19:27:55 UTC] PHP   2. play() /home/ubuntu/workspace/noguzm/homework/homework2/index.php:17
[17-Sep-2017 19:27:55 UTC] PHP   3. sizeof() /home/ubuntu/workspace/noguzm/homework/homework2/inc/functions.php:27
[17-Sep-2017 19:27:55 UTC] PHP Warning:  sizeof() expects at least 1 parameter, 0 given in /home/ubuntu/workspace/noguzm/homework/homework2/inc/functions.php on line 30
[17-Sep-2017 19:27:55 UTC] PHP Stack trace:
[17-Sep-2017 19:27:55 UTC] PHP   1. {main}() /home/ubuntu/workspace/noguzm/homework/homework2/index.php:0
[17-Sep-2017 19:27:55 UTC] PHP   2. play() /home/ubuntu/workspace/noguzm/homework/homework2/index.php:17
[17-Sep-2017 19:27:55 UTC] PHP   3. sizeof() /home/ubuntu/workspace/noguzm/homework/homework2/inc/functions.php:30
[17-Sep-2017 19:28:19 UTC] PHP Warning:  array_push() expects parameter 1 to be array, null given in /home/ubuntu/workspace/noguzm/homework/homework2/inc/functions.php on line 18
[17-Sep-2017 19:28:19 UTC] PHP Stack trace:
[17-Sep-2017 19:28:19 UTC] PHP   1. {main}() /home/ubuntu/workspace/noguzm/homework/homework2/index.php:0
[17-Sep-2017 19:28:19 UTC] PHP   2. play() /home/ubuntu/workspace/noguzm/homework/homework2/index.php:17
[17-Sep-2017 19:28:19 UTC] PHP   3. array_push() /home/ubuntu/workspace/noguzm/homework/homework2/inc/functions.php:18
[17-Sep-2017 19:28:19 UTC] PHP Warning:  sizeof() expects at least 1 parameter, 0 given in /home/ubuntu/workspace/noguzm/homework/homework2/inc/functions.php on line 27
[17-Sep-2017 19:28:19 UTC] PHP Stack trace:
[17-Sep-2017 19:28:19 UTC] PHP   1. {main}() /home/ubuntu/workspace/noguzm/homework/homework2/index.php:0
[17-Sep-2017 19:28:19 UTC] PHP   2. play() /home/ubuntu/workspace/noguzm/homework/homework2/index.php:17
[17-Sep-2017 19:28:19 UTC] PHP   3. sizeof() /home/ubuntu/workspace/noguzm/homework/homework2/inc/functions.php:27
[17-Sep-2017 19:28:19 UTC] PHP Warning:  sizeof() expects at least 1 parameter, 0 given in /home/ubuntu/workspace/noguzm/homework/homework2/inc/functions.php on line 30
[17-Sep-2017 19:28:19 UTC] PHP Stack trace:
[17-Sep-2017 19:28:19 UTC] PHP   1. {main}() /home/ubuntu/workspace/noguzm/homework/homework2/index.php:0
[17-Sep-2017 19:28:19 UTC] PHP   2. play() /home/ubuntu/workspace/noguzm/homework/homework2/index.php:17
[17-Sep-2017 19:28:19 UTC] PHP   3. sizeof() /home/ubuntu/workspace/noguzm/homework/homework2/inc/functions.php:30
[17-Sep-2017 19:28:20 UTC] PHP Warning:  array_push() expects parameter 1 to be array, null given in /home/ubuntu/workspace/noguzm/homework/homework2/inc/functions.php on line 24
[17-Sep-2017 19:28:20 UTC] PHP Stack trace:
[17-Sep-2017 19:28:20 UTC] PHP   1. {main}() /home/ubuntu/workspace/noguzm/homework/homework2/index.php:0
[17-Sep-2017 19:28:20 UTC] PHP   2. play() /home/ubuntu/workspace/noguzm/homework/homework2/index.php:17
[17-Sep-2017 19:28:20 UTC] PHP   3. array_push() /home/ubuntu/workspace/noguzm/homework/homework2/inc/functions.php:24
[17-Sep-2017 19:28:20 UTC] PHP Warning:  sizeof() expects at least 1 parameter, 0 given in /home/ubuntu/workspace/noguzm/homework/homework2/inc/functions.php on line 27
[17-Sep-2017 19:28:20 UTC] PHP Stack trace:
[17-Sep-2017 19:28:20 UTC] PHP   1. {main}() /home/ubuntu/workspace/noguzm/homework/homework2/index.php:0
[17-Sep-2017 19:28:20 UTC] PHP   2. play() /home/ubuntu/workspace/noguzm/homework/homework2/index.php:17
[17-Sep-2017 19:28:20 UTC] PHP   3. sizeof() /home/ubuntu/workspace/noguzm/homework/homework2/inc/functions.php:27
[17-Sep-2017 19:28:20 UTC] PHP Warning:  sizeof() expects at least 1 parameter, 0 given in /home/ubuntu/workspace/noguzm/homework/homework2/inc/functions.php on line 30
[17-Sep-2017 19:28:20 UTC] PHP Stack trace:
[17-Sep-2017 19:28:20 UTC] PHP   1. {main}() /home/ubuntu/workspace/noguzm/homework/homework2/index.php:0
[17-Sep-2017 19:28:20 UTC] PHP   2. play() /home/ubuntu/workspace/noguzm/homework/homework2/index.php:17
[17-Sep-2017 19:28:20 UTC] PHP   3. sizeof() /home/ubuntu/workspace/noguzm/homework/homework2/inc/functions.php:30
[17-Sep-2017 19:28:21 UTC] PHP Warning:  array_push() expects parameter 1 to be array, null given in /home/ubuntu/workspace/noguzm/homework/homework2/inc/functions.php on line 18
[17-Sep-2017 19:28:21 UTC] PHP Stack trace:
[17-Sep-2017 19:28:21 UTC] PHP   1. {main}() /home/ubuntu/workspace/noguzm/homework/homework2/index.php:0
[17-Sep-2017 19:28:21 UTC] PHP   2. play() /home/ubuntu/workspace/noguzm/homework/homework2/index.php:17
[17-Sep-2017 19:28:21 UTC] PHP   3. array_push() /home/ubuntu/workspace/noguzm/homework/homework2/inc/functions.php:18
[17-Sep-2017 19:28:21 UTC] PHP Warning:  sizeof() expects at least 1 parameter, 0 given in /home/ubuntu/workspace/noguzm/homework/homework2/inc/functions.php on line 27
[17-Sep-2017 19:28:21 UTC] PHP Stack trace:
[17-Sep-2017 19:28:21 UTC] PHP   1. {main}() /home/ubuntu/workspace/noguzm/homework/homework2/index.php:0
[17-Sep-2017 19:28:21 UTC] PHP   2. play() /home/ubuntu/workspace/noguzm/homework/homework2/index.php:17
[17-Sep-2017 19:28:21 UTC] PHP   3. sizeof() /home/ubuntu/workspace/noguzm/homework/homework2/inc/functions.php:27
[17-Sep-2017 19:28:21 UTC] PHP Warning:  sizeof() expects at least 1 parameter, 0 given in /home/ubuntu/workspace/noguzm/homework/homework2/inc/functions.php on line 30
[17-Sep-2017 19:28:21 UTC] PHP Stack trace:
[17-Sep-2017 19:28:21 UTC] PHP   1. {main}() /home/ubuntu/workspace/noguzm/homework/homework2/index.php:0
[17-Sep-2017 19:28:21 UTC] PHP   2. play() /home/ubuntu/workspace/noguzm/homework/homework2/index.php:17
[17-Sep-2017 19:28:21 UTC] PHP   3. sizeof() /home/ubuntu/workspace/noguzm/homework/homework2/inc/functions.php:30
[17-Sep-2017 19:28:22 UTC] PHP Warning:  array_push() expects parameter 1 to be array, null given in /home/ubuntu/workspace/noguzm/homework/homework2/inc/functions.php on line 24
[17-Sep-2017 19:28:22 UTC] PHP Stack trace:
[17-Sep-2017 19:28:22 UTC] PHP   1. {main}() /home/ubuntu/workspace/noguzm/homework/homework2/index.php:0
[17-Sep-2017 19:28:22 UTC] PHP   2. play() /home/ubuntu/workspace/noguzm/homework/homework2/index.php:17
[17-Sep-2017 19:28:22 UTC] PHP   3. array_push() /home/ubuntu/workspace/noguzm/homework/homework2/inc/functions.php:24
[17-Sep-2017 19:28:22 UTC] PHP Warning:  sizeof() expects at least 1 parameter, 0 given in /home/ubuntu/workspace/noguzm/homework/homework2/inc/functions.php on line 27
[17-Sep-2017 19:28:22 UTC] PHP Stack trace:
[17-Sep-2017 19:28:22 UTC] PHP   1. {main}() /home/ubuntu/workspace/noguzm/homework/homework2/index.php:0
[17-Sep-2017 19:28:22 UTC] PHP   2. play() /home/ubuntu/workspace/noguzm/homework/homework2/index.php:17
[17-Sep-2017 19:28:22 UTC] PHP   3. sizeof() /home/ubuntu/workspace/noguzm/homework/homework2/inc/functions.php:27
[17-Sep-2017 19:28:22 UTC] PHP Warning:  sizeof() expects at least 1 parameter, 0 given in /home/ubuntu/workspace/noguzm/homework/homework2/inc/functions.php on line 30
[17-Sep-2017 19:28:22 UTC] PHP Stack trace:
[17-Sep-2017 19:28:22 UTC] PHP   1. {main}() /home/ubuntu/workspace/noguzm/homework/homework2/index.php:0
[17-Sep-2017 19:28:22 UTC] PHP   2. play() /home/ubuntu/workspace/noguzm/homework/homework2/index.php:17
[17-Sep-2017 19:28:22 UTC] PHP   3. sizeof() /home/ubuntu/workspace/noguzm/homework/homework2/inc/functions.php:30
[17-Sep-2017 19:28:23 UTC] PHP Warning:  array_push() expects parameter 1 to be array, null given in /home/ubuntu/workspace/noguzm/homework/homework2/inc/functions.php on line 24
[17-Sep-2017 19:28:23 UTC] PHP Stack trace:
[17-Sep-2017 19:28:23 UTC] PHP   1. {main}() /home/ubuntu/workspace/noguzm/homework/homework2/index.php:0
[17-Sep-2017 19:28:23 UTC] PHP   2. play() /home/ubuntu/workspace/noguzm/homework/homework2/index.php:17
[17-Sep-2017 19:28:23 UTC] PHP   3. array_push() /home/ubuntu/workspace/noguzm/homework/homework2/inc/functions.php:24
[17-Sep-2017 19:28:23 UTC] PHP Warning:  sizeof() expects at least 1 parameter, 0 given in /home/ubuntu/workspace/noguzm/homework/homework2/inc/functions.php on line 27
[17-Sep-2017 19:28:23 UTC] PHP Stack trace:
[17-Sep-2017 19:28:23 UTC] PHP   1. {main}() /home/ubuntu/workspace/noguzm/homework/homework2/index.php:0
[17-Sep-2017 19:28:23 UTC] PHP   2. play() /home/ubuntu/workspace/noguzm/homework/homework2/index.php:17
[17-Sep-2017 19:28:23 UTC] PHP   3. sizeof() /home/ubuntu/workspace/noguzm/homework/homework2/inc/functions.php:27
[17-Sep-2017 19:28:23 UTC] PHP Warning:  sizeof() expects at least 1 parameter, 0 given in /home/ubuntu/workspace/noguzm/homework/homework2/inc/functions.php on line 30
[17-Sep-2017 19:28:23 UTC] PHP Stack trace:
[17-Sep-2017 19:28:23 UTC] PHP   1. {main}() /home/ubuntu/workspace/noguzm/homework/homework2/index.php:0
[17-Sep-2017 19:28:23 UTC] PHP   2. play() /home/ubuntu/workspace/noguzm/homework/homework2/index.php:17
[17-Sep-2017 19:28:23 UTC] PHP   3. sizeof() /home/ubuntu/workspace/noguzm/homework/homework2/inc/functions.php:30
[17-Sep-2017 19:28:23 UTC] PHP Warning:  array_push() expects parameter 1 to be array, null given in /home/ubuntu/workspace/noguzm/homework/homework2/inc/functions.php on line 24
[17-Sep-2017 19:28:23 UTC] PHP Stack trace:
[17-Sep-2017 19:28:23 UTC] PHP   1. {main}() /home/ubuntu/workspace/noguzm/homework/homework2/index.php:0
[17-Sep-2017 19:28:23 UTC] PHP   2. play() /home/ubuntu/workspace/noguzm/homework/homework2/index.php:17
[17-Sep-2017 19:28:23 UTC] PHP   3. array_push() /home/ubuntu/workspace/noguzm/homework/homework2/inc/functions.php:24
[17-Sep-2017 19:28:23 UTC] PHP Warning:  sizeof() expects at least 1 parameter, 0 given in /home/ubuntu/workspace/noguzm/homework/homework2/inc/functions.php on line 27
[17-Sep-2017 19:28:23 UTC] PHP Stack trace:
[17-Sep-2017 19:28:23 UTC] PHP   1. {main}() /home/ubuntu/workspace/noguzm/homework/homework2/index.php:0
[17-Sep-2017 19:28:23 UTC] PHP   2. play() /home/ubuntu/workspace/noguzm/homework/homework2/index.php:17
[17-Sep-2017 19:28:23 UTC] PHP   3. sizeof() /home/ubuntu/workspace/noguzm/homework/homework2/inc/functions.php:27
[17-Sep-2017 19:28:23 UTC] PHP Warning:  sizeof() expects at least 1 parameter, 0 given in /home/ubuntu/workspace/noguzm/homework/homework2/inc/functions.php on line 30
[17-Sep-2017 19:28:23 UTC] PHP Stack trace:
[17-Sep-2017 19:28:23 UTC] PHP   1. {main}() /home/ubuntu/workspace/noguzm/homework/homework2/index.php:0
[17-Sep-2017 19:28:23 UTC] PHP   2. play() /home/ubuntu/workspace/noguzm/homework/homework2/index.php:17
[17-Sep-2017 19:28:23 UTC] PHP   3. sizeof() /home/ubuntu/workspace/noguzm/homework/homework2/inc/functions.php:30
[17-Sep-2017 19:28:24 UTC] PHP Warning:  array_push() expects parameter 1 to be array, null given in /home/ubuntu/workspace/noguzm/homework/homework2/inc/functions.php on line 18
[17-Sep-2017 19:28:24 UTC] PHP Stack trace:
[17-Sep-2017 19:28:24 UTC] PHP   1. {main}() /home/ubuntu/workspace/noguzm/homework/homework2/index.php:0
[17-Sep-2017 19:28:24 UTC] PHP   2. play() /home/ubuntu/workspace/noguzm/homework/homework2/index.php:17
[17-Sep-2017 19:28:24 UTC] PHP   3. array_push() /home/ubuntu/workspace/noguzm/homework/homework2/inc/functions.php:18
[17-Sep-2017 19:28:24 UTC] PHP Warning:  sizeof() expects at least 1 parameter, 0 given in /home/ubuntu/workspace/noguzm/homework/homework2/inc/functions.php on line 27
[17-Sep-2017 19:28:24 UTC] PHP Stack trace:
[17-Sep-2017 19:28:24 UTC] PHP   1. {main}() /home/ubuntu/workspace/noguzm/homework/homework2/index.php:0
[17-Sep-2017 19:28:24 UTC] PHP   2. play() /home/ubuntu/workspace/noguzm/homework/homework2/index.php:17
[17-Sep-2017 19:28:24 UTC] PHP   3. sizeof() /home/ubuntu/workspace/noguzm/homework/homework2/inc/functions.php:27
[17-Sep-2017 19:28:24 UTC] PHP Warning:  sizeof() expects at least 1 parameter, 0 given in /home/ubuntu/workspace/noguzm/homework/homework2/inc/functions.php on line 30
[17-Sep-2017 19:28:24 UTC] PHP Stack trace:
[17-Sep-2017 19:28:24 UTC] PHP   1. {main}() /home/ubuntu/workspace/noguzm/homework/homework2/index.php:0
[17-Sep-2017 19:28:24 UTC] PHP   2. play() /home/ubuntu/workspace/noguzm/homework/homework2/index.php:17
[17-Sep-2017 19:28:24 UTC] PHP   3. sizeof() /home/ubuntu/workspace/noguzm/homework/homework2/inc/functions.php:30
[17-Sep-2017 19:28:25 UTC] PHP Warning:  array_push() expects parameter 1 to be array, null given in /home/ubuntu/workspace/noguzm/homework/homework2/inc/functions.php on line 18
[17-Sep-2017 19:28:25 UTC] PHP Stack trace:
[17-Sep-2017 19:28:25 UTC] PHP   1. {main}() /home/ubuntu/workspace/noguzm/homework/homework2/index.php:0
[17-Sep-2017 19:28:25 UTC] PHP   2. play() /home/ubuntu/workspace/noguzm/homework/homework2/index.php:17
[17-Sep-2017 19:28:25 UTC] PHP   3. array_push() /home/ubuntu/workspace/noguzm/homework/homework2/inc/functions.php:18
[17-Sep-2017 19:28:25 UTC] PHP Warning:  sizeof() expects at least 1 parameter, 0 given in /home/ubuntu/workspace/noguzm/homework/homework2/inc/functions.php on line 27
[17-Sep-2017 19:28:25 UTC] PHP Stack trace:
[17-Sep-2017 19:28:25 UTC] PHP   1. {main}() /home/ubuntu/workspace/noguzm/homework/homework2/index.php:0
[17-Sep-2017 19:28:25 UTC] PHP   2. play() /home/ubuntu/workspace/noguzm/homework/homework2/index.php:17
[17-Sep-2017 19:28:25 UTC] PHP   3. sizeof() /home/ubuntu/workspace/noguzm/homework/homework2/inc/functions.php:27
[17-Sep-2017 19:28:25 UTC] PHP Warning:  sizeof() expects at least 1 parameter, 0 given in /home/ubuntu/workspace/noguzm/homework/homework2/inc/functions.php on line 30
[17-Sep-2017 19:28:25 UTC] PHP Stack trace:
[17-Sep-2017 19:28:25 UTC] PHP   1. {main}() /home/ubuntu/workspace/noguzm/homework/homework2/index.php:0
[17-Sep-2017 19:28:25 UTC] PHP   2. play() /home/ubuntu/workspace/noguzm/homework/homework2/index.php:17
[17-Sep-2017 19:28:25 UTC] PHP   3. sizeof() /home/ubuntu/workspace/noguzm/homework/homework2/inc/functions.php:30
[17-Sep-2017 19:29:23 UTC] PHP Warning:  array_push() expects parameter 1 to be array, null given in /home/ubuntu/workspace/noguzm/homework/homework2/inc/functions.php on line 24
[17-Sep-2017 19:29:23 UTC] PHP Stack trace:
[17-Sep-2017 19:29:23 UTC] PHP   1. {main}() /home/ubuntu/workspace/noguzm/homework/homework2/index.php:0
[17-Sep-2017 19:29:23 UTC] PHP   2. play() /home/ubuntu/workspace/noguzm/homework/homework2/index.php:17
[17-Sep-2017 19:29:23 UTC] PHP   3. array_push() /home/ubuntu/workspace/noguzm/homework/homework2/inc/functions.php:24
[17-Sep-2017 19:29:23 UTC] PHP Warning:  sizeof() expects at least 1 parameter, 0 given in /home/ubuntu/workspace/noguzm/homework/homework2/inc/functions.php on line 27
[17-Sep-2017 19:29:23 UTC] PHP Stack trace:
[17-Sep-2017 19:29:23 UTC] PHP   1. {main}() /home/ubuntu/workspace/noguzm/homework/homework2/index.php:0
[17-Sep-2017 19:29:23 UTC] PHP   2. play() /home/ubuntu/workspace/noguzm/homework/homework2/index.php:17
[17-Sep-2017 19:29:23 UTC] PHP   3. sizeof() /home/ubuntu/workspace/noguzm/homework/homework2/inc/functions.php:27
[17-Sep-2017 19:29:23 UTC] PHP Warning:  sizeof() expects at least 1 parameter, 0 given in /home/ubuntu/workspace/noguzm/homework/homework2/inc/functions.php on line 30
[17-Sep-2017 19:29:23 UTC] PHP Stack trace:
[17-Sep-2017 19:29:23 UTC] PHP   1. {main}() /home/ubuntu/workspace/noguzm/homework/homework2/index.php:0
[17-Sep-2017 19:29:23 UTC] PHP   2. play() /home/ubuntu/workspace/noguzm/homework/homework2/index.php:17
[17-Sep-2017 19:29:23 UTC] PHP   3. sizeof() /home/ubuntu/workspace/noguzm/homework/homework2/inc/functions.php:30
[17-Sep-2017 19:29:27 UTC] PHP Warning:  array_push() expects parameter 1 to be array, null given in /home/ubuntu/workspace/noguzm/homework/homework2/inc/functions.php on line 24
[17-Sep-2017 19:29:27 UTC] PHP Stack trace:
[17-Sep-2017 19:29:27 UTC] PHP   1. {main}() /home/ubuntu/workspace/noguzm/homework/homework2/index.php:0
[17-Sep-2017 19:29:27 UTC] PHP   2. play() /home/ubuntu/workspace/noguzm/homework/homework2/index.php:17
[17-Sep-2017 19:29:27 UTC] PHP   3. array_push() /home/ubuntu/workspace/noguzm/homework/homework2/inc/functions.php:24
[17-Sep-2017 19:29:27 UTC] PHP Warning:  sizeof() expects at least 1 parameter, 0 given in /home/ubuntu/workspace/noguzm/homework/homework2/inc/functions.php on line 27
[17-Sep-2017 19:29:27 UTC] PHP Stack trace:
[17-Sep-2017 19:29:27 UTC] PHP   1. {main}() /home/ubuntu/workspace/noguzm/homework/homework2/index.php:0
[17-Sep-2017 19:29:27 UTC] PHP   2. play() /home/ubuntu/workspace/noguzm/homework/homework2/index.php:17
[17-Sep-2017 19:29:27 UTC] PHP   3. sizeof() /home/ubuntu/workspace/noguzm/homework/homework2/inc/functions.php:27
[17-Sep-2017 19:29:27 UTC] PHP Warning:  sizeof() expects at least 1 parameter, 0 given in /home/ubuntu/workspace/noguzm/homework/homework2/inc/functions.php on line 30
[17-Sep-2017 19:29:27 UTC] PHP Stack trace:
[17-Sep-2017 19:29:27 UTC] PHP   1. {main}() /home/ubuntu/workspace/noguzm/homework/homework2/index.php:0
[17-Sep-2017 19:29:27 UTC] PHP   2. play() /home/ubuntu/workspace/noguzm/homework/homework2/index.php:17
[17-Sep-2017 19:29:27 UTC] PHP   3. sizeof() /home/ubuntu/workspace/noguzm/homework/homework2/inc/functions.php:30
[17-Sep-2017 19:29:31 UTC] PHP Warning:  array_push() expects parameter 1 to be array, null given in /home/ubuntu/workspace/noguzm/homework/homework2/inc/functions.php on line 18
[17-Sep-2017 19:29:31 UTC] PHP Stack trace:
[17-Sep-2017 19:29:31 UTC] PHP   1. {main}() /home/ubuntu/workspace/noguzm/homework/homework2/index.php:0
[17-Sep-2017 19:29:31 UTC] PHP   2. play() /home/ubuntu/workspace/noguzm/homework/homework2/index.php:17
[17-Sep-2017 19:29:31 UTC] PHP   3. array_push() /home/ubuntu/workspace/noguzm/homework/homework2/inc/functions.php:18
[17-Sep-2017 19:29:31 UTC] PHP Warning:  sizeof() expects at least 1 parameter, 0 given in /home/ubuntu/workspace/noguzm/homework/homework2/inc/functions.php on line 27
[17-Sep-2017 19:29:31 UTC] PHP Stack trace:
[17-Sep-2017 19:29:31 UTC] PHP   1. {main}() /home/ubuntu/workspace/noguzm/homework/homework2/index.php:0
[17-Sep-2017 19:29:31 UTC] PHP   2. play() /home/ubuntu/workspace/noguzm/homework/homework2/index.php:17
[17-Sep-2017 19:29:31 UTC] PHP   3. sizeof() /home/ubuntu/workspace/noguzm/homework/homework2/inc/functions.php:27
[17-Sep-2017 19:29:31 UTC] PHP Warning:  sizeof() expects at least 1 parameter, 0 given in /home/ubuntu/workspace/noguzm/homework/homework2/inc/functions.php on line 30
[17-Sep-2017 19:29:31 UTC] PHP Stack trace:
[17-Sep-2017 19:29:31 UTC] PHP   1. {main}() /home/ubuntu/workspace/noguzm/homework/homework2/index.php:0
[17-Sep-2017 19:29:31 UTC] PHP   2. play() /home/ubuntu/workspace/noguzm/homework/homework2/index.php:17
[17-Sep-2017 19:29:31 UTC] PHP   3. sizeof() /home/ubuntu/workspace/noguzm/homework/homework2/inc/functions.php:30
[17-Sep-2017 19:29:33 UTC] PHP Warning:  array_push() expects parameter 1 to be array, null given in /home/ubuntu/workspace/noguzm/homework/homework2/inc/functions.php on line 24
[17-Sep-2017 19:29:33 UTC] PHP Stack trace:
[17-Sep-2017 19:29:33 UTC] PHP   1. {main}() /home/ubuntu/workspace/noguzm/homework/homework2/index.php:0
[17-Sep-2017 19:29:33 UTC] PHP   2. play() /home/ubuntu/workspace/noguzm/homework/homework2/index.php:17
[17-Sep-2017 19:29:33 UTC] PHP   3. array_push() /home/ubuntu/workspace/noguzm/homework/homework2/inc/functions.php:24
[17-Sep-2017 19:29:33 UTC] PHP Warning:  sizeof() expects at least 1 parameter, 0 given in /home/ubuntu/workspace/noguzm/homework/homework2/inc/functions.php on line 27
[17-Sep-2017 19:29:33 UTC] PHP Stack trace:
[17-Sep-2017 19:29:33 UTC] PHP   1. {main}() /home/ubuntu/workspace/noguzm/homework/homework2/index.php:0
[17-Sep-2017 19:29:33 UTC] PHP   2. play() /home/ubuntu/workspace/noguzm/homework/homework2/index.php:17
[17-Sep-2017 19:29:33 UTC] PHP   3. sizeof() /home/ubuntu/workspace/noguzm/homework/homework2/inc/functions.php:27
[17-Sep-2017 19:29:33 UTC] PHP Warning:  sizeof() expects at least 1 parameter, 0 given in /home/ubuntu/workspace/noguzm/homework/homework2/inc/functions.php on line 30
[17-Sep-2017 19:29:33 UTC] PHP Stack trace:
[17-Sep-2017 19:29:33 UTC] PHP   1. {main}() /home/ubuntu/workspace/noguzm/homework/homework2/index.php:0
[17-Sep-2017 19:29:33 UTC] PHP   2. play() /home/ubuntu/workspace/noguzm/homework/homework2/index.php:17
[17-Sep-2017 19:29:33 UTC] PHP   3. sizeof() /home/ubuntu/workspace/noguzm/homework/homework2/inc/functions.php:30
[17-Sep-2017 19:38:07 UTC] PHP Warning:  array_push() expects parameter 1 to be array, null given in /home/ubuntu/workspace/noguzm/homework/homework2/inc/functions.php on line 24
[17-Sep-2017 19:38:07 UTC] PHP Stack trace:
[17-Sep-2017 19:38:07 UTC] PHP   1. {main}() /home/ubuntu/workspace/noguzm/homework/homework2/index.php:0
[17-Sep-2017 19:38:07 UTC] PHP   2. play() /home/ubuntu/workspace/noguzm/homework/homework2/index.php:17
[17-Sep-2017 19:38:07 UTC] PHP   3. array_push() /home/ubuntu/workspace/noguzm/homework/homework2/inc/functions.php:24
[17-Sep-2017 19:39:26 UTC] PHP Warning:  array_push() expects parameter 1 to be array, null given in /home/ubuntu/workspace/noguzm/homework/homework2/inc/functions.php on line 26
[17-Sep-2017 19:39:26 UTC] PHP Stack trace:
[17-Sep-2017 19:39:26 UTC] PHP   1. {main}() /home/ubuntu/workspace/noguzm/homework/homework2/index.php:0
[17-Sep-2017 19:39:26 UTC] PHP   2. play() /home/ubuntu/workspace/noguzm/homework/homework2/index.php:17
[17-Sep-2017 19:39:26 UTC] PHP   3. array_push() /home/ubuntu/workspace/noguzm/homework/homework2/inc/functions.php:26
[17-Sep-2017 19:39:27 UTC] PHP Warning:  array_push() expects parameter 1 to be array, null given in /home/ubuntu/workspace/noguzm/homework/homework2/inc/functions.php on line 26
[17-Sep-2017 19:39:27 UTC] PHP Stack trace:
[17-Sep-2017 19:39:27 UTC] PHP   1. {main}() /home/ubuntu/workspace/noguzm/homework/homework2/index.php:0
[17-Sep-2017 19:39:27 UTC] PHP   2. play() /home/ubuntu/workspace/noguzm/homework/homework2/index.php:17
[17-Sep-2017 19:39:27 UTC] PHP   3. array_push() /home/ubuntu/workspace/noguzm/homework/homework2/inc/functions.php:26
[17-Sep-2017 19:39:34 UTC] PHP Warning:  array_push() expects parameter 1 to be array, null given in /home/ubuntu/workspace/noguzm/homework/homework2/inc/functions.php on line 26
[17-Sep-2017 19:39:34 UTC] PHP Stack trace:
[17-Sep-2017 19:39:34 UTC] PHP   1. {main}() /home/ubuntu/workspace/noguzm/homework/homework2/index.php:0
[17-Sep-2017 19:39:34 UTC] PHP   2. play() /home/ubuntu/workspace/noguzm/homework/homework2/index.php:17
[17-Sep-2017 19:39:34 UTC] PHP   3. array_push() /home/ubuntu/workspace/noguzm/homework/homework2/inc/functions.php:26
[17-Sep-2017 19:39:39 UTC] PHP Warning:  array_push() expects parameter 1 to be array, null given in /home/ubuntu/workspace/noguzm/homework/homework2/inc/functions.php on line 20
[17-Sep-2017 19:39:39 UTC] PHP Stack trace:
[17-Sep-2017 19:39:39 UTC] PHP   1. {main}() /home/ubuntu/workspace/noguzm/homework/homework2/index.php:0
[17-Sep-2017 19:39:39 UTC] PHP   2. play() /home/ubuntu/workspace/noguzm/homework/homework2/index.php:17
[17-Sep-2017 19:39:39 UTC] PHP   3. array_push() /home/ubuntu/workspace/noguzm/homework/homework2/inc/functions.php:20
[17-Sep-2017 19:42:58 UTC] PHP Warning:  array_push() expects parameter 1 to be array, null given in /home/ubuntu/workspace/noguzm/homework/homework2/inc/functions.php on line 19
[17-Sep-2017 19:42:58 UTC] PHP Stack trace:
[17-Sep-2017 19:42:58 UTC] PHP   1. {main}() /home/ubuntu/workspace/noguzm/homework/homework2/index.php:0
[17-Sep-2017 19:42:58 UTC] PHP   2. play() /home/ubuntu/workspace/noguzm/homework/homework2/index.php:17
[17-Sep-2017 19:42:58 UTC] PHP   3. array_push() /home/ubuntu/workspace/noguzm/homework/homework2/inc/functions.php:19
[17-Sep-2017 19:43:00 UTC] PHP Warning:  array_push() expects parameter 1 to be array, null given in /home/ubuntu/workspace/noguzm/homework/homework2/inc/functions.php on line 19
[17-Sep-2017 19:43:00 UTC] PHP Stack trace:
[17-Sep-2017 19:43:00 UTC] PHP   1. {main}() /home/ubuntu/workspace/noguzm/homework/homework2/index.php:0
[17-Sep-2017 19:43:00 UTC] PHP   2. play() /home/ubuntu/workspace/noguzm/homework/homework2/index.php:17
[17-Sep-2017 19:43:00 UTC] PHP   3. array_push() /home/ubuntu/workspace/noguzm/homework/homework2/inc/functions.php:19
[17-Sep-2017 19:43:13 UTC] PHP Warning:  array_push() expects parameter 1 to be array, null given in /home/ubuntu/workspace/noguzm/homework/homework2/inc/functions.php on line 19
[17-Sep-2017 19:43:13 UTC] PHP Stack trace:
[17-Sep-2017 19:43:13 UTC] PHP   1. {main}() /home/ubuntu/workspace/noguzm/homework/homework2/index.php:0
[17-Sep-2017 19:43:13 UTC] PHP   2. play() /home/ubuntu/workspace/noguzm/homework/homework2/index.php:17
[17-Sep-2017 19:43:13 UTC] PHP   3. array_push() /home/ubuntu/workspace/noguzm/homework/homework2/inc/functions.php:19
[17-Sep-2017 19:43:15 UTC] PHP Warning:  array_push() expects parameter 1 to be array, null given in /home/ubuntu/workspace/noguzm/homework/homework2/inc/functions.php on line 19
[17-Sep-2017 19:43:15 UTC] PHP Stack trace:
[17-Sep-2017 19:43:15 UTC] PHP   1. {main}() /home/ubuntu/workspace/noguzm/homework/homework2/index.php:0
[17-Sep-2017 19:43:15 UTC] PHP   2. play() /home/ubuntu/workspace/noguzm/homework/homework2/index.php:17
[17-Sep-2017 19:43:15 UTC] PHP   3. array_push() /home/ubuntu/workspace/noguzm/homework/homework2/inc/functions.php:19
[17-Sep-2017 19:43:16 UTC] PHP Warning:  array_push() expects parameter 1 to be array, null given in /home/ubuntu/workspace/noguzm/homework/homework2/inc/functions.php on line 25
[17-Sep-2017 19:43:16 UTC] PHP Stack trace:
[17-Sep-2017 19:43:16 UTC] PHP   1. {main}() /home/ubuntu/workspace/noguzm/homework/homework2/index.php:0
[17-Sep-2017 19:43:16 UTC] PHP   2. play() /home/ubuntu/workspace/noguzm/homework/homework2/index.php:17
[17-Sep-2017 19:43:16 UTC] PHP   3. array_push() /home/ubuntu/workspace/noguzm/homework/homework2/inc/functions.php:25
[17-Sep-2017 19:43:43 UTC] PHP Warning:  array_push() expects parameter 1 to be array, null given in /home/ubuntu/workspace/noguzm/homework/homework2/inc/functions.php on line 25
[17-Sep-2017 19:43:43 UTC] PHP Stack trace:
[17-Sep-2017 19:43:43 UTC] PHP   1. {main}() /home/ubuntu/workspace/noguzm/homework/homework2/index.php:0
[17-Sep-2017 19:43:43 UTC] PHP   2. play() /home/ubuntu/workspace/noguzm/homework/homework2/index.php:17
[17-Sep-2017 19:43:43 UTC] PHP   3. array_push() /home/ubuntu/workspace/noguzm/homework/homework2/inc/functions.php:25
[17-Sep-2017 19:43:50 UTC] PHP Warning:  array_push() expects parameter 1 to be array, null given in /home/ubuntu/workspace/noguzm/homework/homework2/inc/functions.php on line 19
[17-Sep-2017 19:43:50 UTC] PHP Stack trace:
[17-Sep-2017 19:43:50 UTC] PHP   1. {main}() /home/ubuntu/workspace/noguzm/homework/homework2/index.php:0
[17-Sep-2017 19:43:50 UTC] PHP   2. play() /home/ubuntu/workspace/noguzm/homework/homework2/index.php:17
[17-Sep-2017 19:43:50 UTC] PHP   3. array_push() /home/ubuntu/workspace/noguzm/homework/homework2/inc/functions.php:19
[17-Sep-2017 19:45:01 UTC] PHP Warning:  array_push() expects parameter 1 to be array, null given in /home/ubuntu/workspace/noguzm/homework/homework2/inc/functions.php on line 18
[17-Sep-2017 19:45:01 UTC] PHP Stack trace:
[17-Sep-2017 19:45:01 UTC] PHP   1. {main}() /home/ubuntu/workspace/noguzm/homework/homework2/index.php:0
[17-Sep-2017 19:45:01 UTC] PHP   2. play() /home/ubuntu/workspace/noguzm/homework/homework2/index.php:17
[17-Sep-2017 19:45:01 UTC] PHP   3. array_push() /home/ubuntu/workspace/noguzm/homework/homework2/inc/functions.php:18
[17-Sep-2017 19:45:41 UTC] PHP Warning:  array_push() expects parameter 1 to be array, null given in /home/ubuntu/workspace/noguzm/homework/homework2/inc/functions.php on line 20
[17-Sep-2017 19:45:41 UTC] PHP Stack trace:
[17-Sep-2017 19:45:41 UTC] PHP   1. {main}() /home/ubuntu/workspace/noguzm/homework/homework2/index.php:0
[17-Sep-2017 19:45:41 UTC] PHP   2. play() /home/ubuntu/workspace/noguzm/homework/homework2/index.php:17
[17-Sep-2017 19:45:41 UTC] PHP   3. array_push() /home/ubuntu/workspace/noguzm/homework/homework2/inc/functions.php:20
[17-Sep-2017 19:45:42 UTC] PHP Warning:  array_push() expects parameter 1 to be array, null given in /home/ubuntu/workspace/noguzm/homework/homework2/inc/functions.php on line 26
[17-Sep-2017 19:45:42 UTC] PHP Stack trace:
[17-Sep-2017 19:45:42 UTC] PHP   1. {main}() /home/ubuntu/workspace/noguzm/homework/homework2/index.php:0
[17-Sep-2017 19:45:42 UTC] PHP   2. play() /home/ubuntu/workspace/noguzm/homework/homework2/index.php:17
[17-Sep-2017 19:45:42 UTC] PHP   3. array_push() /home/ubuntu/workspace/noguzm/homework/homework2/inc/functions.php:26
[17-Sep-2017 19:45:43 UTC] PHP Warning:  array_push() expects parameter 1 to be array, null given in /home/ubuntu/workspace/noguzm/homework/homework2/inc/functions.php on line 20
[17-Sep-2017 19:45:43 UTC] PHP Stack trace:
[17-Sep-2017 19:45:43 UTC] PHP   1. {main}() /home/ubuntu/workspace/noguzm/homework/homework2/index.php:0
[17-Sep-2017 19:45:43 UTC] PHP   2. play() /home/ubuntu/workspace/noguzm/homework/homework2/index.php:17
[17-Sep-2017 19:45:43 UTC] PHP   3. array_push() /home/ubuntu/workspace/noguzm/homework/homework2/inc/functions.php:20
[17-Sep-2017 19:45:43 UTC] PHP Warning:  array_push() expects parameter 1 to be array, null given in /home/ubuntu/workspace/noguzm/homework/homework2/inc/functions.php on line 26
[17-Sep-2017 19:45:43 UTC] PHP Stack trace:
[17-Sep-2017 19:45:43 UTC] PHP   1. {main}() /home/ubuntu/workspace/noguzm/homework/homework2/index.php:0
[17-Sep-2017 19:45:43 UTC] PHP   2. play() /home/ubuntu/workspace/noguzm/homework/homework2/index.php:17
[17-Sep-2017 19:45:43 UTC] PHP   3. array_push() /home/ubuntu/workspace/noguzm/homework/homework2/inc/functions.php:26
[17-Sep-2017 19:45:46 UTC] PHP Warning:  array_push() expects parameter 1 to be array, null given in /home/ubuntu/workspace/noguzm/homework/homework2/inc/functions.php on line 26
[17-Sep-2017 19:45:46 UTC] PHP Stack trace:
[17-Sep-2017 19:45:46 UTC] PHP   1. {main}() /home/ubuntu/workspace/noguzm/homework/homework2/index.php:0
[17-Sep-2017 19:45:46 UTC] PHP   2. play() /home/ubuntu/workspace/noguzm/homework/homework2/index.php:17
[17-Sep-2017 19:45:46 UTC] PHP   3. array_push() /home/ubuntu/workspace/noguzm/homework/homework2/inc/functions.php:26
[17-Sep-2017 19:45:47 UTC] PHP Warning:  array_push() expects parameter 1 to be array, null given in /home/ubuntu/workspace/noguzm/homework/homework2/inc/functions.php on line 20
[17-Sep-2017 19:45:47 UTC] PHP Stack trace:
[17-Sep-2017 19:45:47 UTC] PHP   1. {main}() /home/ubuntu/workspace/noguzm/homework/homework2/index.php:0
[17-Sep-2017 19:45:47 UTC] PHP   2. play() /home/ubuntu/workspace/noguzm/homework/homework2/index.php:17
[17-Sep-2017 19:45:47 UTC] PHP   3. array_push() /home/ubuntu/workspace/noguzm/homework/homework2/inc/functions.php:20
[17-Sep-2017 20:27:13 UTC] PHP Warning:  Missing argument 2 for displayCard(), called in /home/ubuntu/workspace/noguzm/homework/homework2/inc/functions.php on line 13 and defined in /home/ubuntu/workspace/noguzm/homework/homework2/inc/functions.php on line 37
[17-Sep-2017 20:27:13 UTC] PHP Stack trace:
[17-Sep-2017 20:27:13 UTC] PHP   1. {main}() /home/ubuntu/workspace/noguzm/homework/homework2/index.php:0
[17-Sep-2017 20:27:13 UTC] PHP   2. play() /home/ubuntu/workspace/noguzm/homework/homework2/index.php:17
[17-Sep-2017 20:27:13 UTC] PHP   3. displayCard() /home/ubuntu/workspace/noguzm/homework/homework2/inc/functions.php:13
[17-Sep-2017 20:27:13 UTC] PHP Warning:  Missing argument 2 for displayCard(), called in /home/ubuntu/workspace/noguzm/homework/homework2/inc/functions.php on line 14 and defined in /home/ubuntu/workspace/noguzm/homework/homework2/inc/functions.php on line 37
[17-Sep-2017 20:27:13 UTC] PHP Stack trace:
[17-Sep-2017 20:27:13 UTC] PHP   1. {main}() /home/ubuntu/workspace/noguzm/homework/homework2/index.php:0
[17-Sep-2017 20:27:13 UTC] PHP   2. play() /home/ubuntu/workspace/noguzm/homework/homework2/index.php:17
[17-Sep-2017 20:27:13 UTC] PHP   3. displayCard() /home/ubuntu/workspace/noguzm/homework/homework2/inc/functions.php:14
[17-Sep-2017 20:27:13 UTC] PHP Warning:  Missing argument 2 for displayCard(), called in /home/ubuntu/workspace/noguzm/homework/homework2/inc/functions.php on line 13 and defined in /home/ubuntu/workspace/noguzm/homework/homework2/inc/functions.php on line 37
[17-Sep-2017 20:27:13 UTC] PHP Stack trace:
[17-Sep-2017 20:27:13 UTC] PHP   1. {main}() /home/ubuntu/workspace/noguzm/homework/homework2/index.php:0
[17-Sep-2017 20:27:13 UTC] PHP   2. play() /home/ubuntu/workspace/noguzm/homework/homework2/index.php:17
[17-Sep-2017 20:27:13 UTC] PHP   3. displayCard() /home/ubuntu/workspace/noguzm/homework/homework2/inc/functions.php:13
[17-Sep-2017 20:27:13 UTC] PHP Warning:  Missing argument 2 for displayCard(), called in /home/ubuntu/workspace/noguzm/homework/homework2/inc/functions.php on line 14 and defined in /home/ubuntu/workspace/noguzm/homework/homework2/inc/functions.php on line 37
[17-Sep-2017 20:27:13 UTC] PHP Stack trace:
[17-Sep-2017 20:27:13 UTC] PHP   1. {main}() /home/ubuntu/workspace/noguzm/homework/homework2/index.php:0
[17-Sep-2017 20:27:13 UTC] PHP   2. play() /home/ubuntu/workspace/noguzm/homework/homework2/index.php:17
[17-Sep-2017 20:27:13 UTC] PHP   3. displayCard() /home/ubuntu/workspace/noguzm/homework/homework2/inc/functions.php:14
[17-Sep-2017 20:44:54 UTC] PHP Warning:  array_push() expects parameter 1 to be array, null given in /home/ubuntu/workspace/noguzm/homework/homework2/inc/functions.php on line 8
[17-Sep-2017 20:44:54 UTC] PHP Stack trace:
[17-Sep-2017 20:44:54 UTC] PHP   1. {main}() /home/ubuntu/workspace/noguzm/homework/homework2/index.php:0
[17-Sep-2017 20:44:54 UTC] PHP   2. play() /home/ubuntu/workspace/noguzm/homework/homework2/index.php:17
[17-Sep-2017 20:44:54 UTC] PHP   3. array_push() /home/ubuntu/workspace/noguzm/homework/homework2/inc/functions.php:8
[17-Sep-2017 20:44:54 UTC] PHP Warning:  array_push() expects parameter 1 to be array, null given in /home/ubuntu/workspace/noguzm/homework/homework2/inc/functions.php on line 9
[17-Sep-2017 20:44:54 UTC] PHP Stack trace:
[17-Sep-2017 20:44:54 UTC] PHP   1. {main}() /home/ubuntu/workspace/noguzm/homework/homework2/index.php:0
[17-Sep-2017 20:44:54 UTC] PHP   2. play() /home/ubuntu/workspace/noguzm/homework/homework2/index.php:17
[17-Sep-2017 20:44:54 UTC] PHP   3. array_push() /home/ubuntu/workspace/noguzm/homework/homework2/inc/functions.php:9
[17-Sep-2017 20:44:54 UTC] PHP Warning:  array_push() expects parameter 1 to be array, null given in /home/ubuntu/workspace/noguzm/homework/homework2/inc/functions.php on line 8
[17-Sep-2017 20:44:54 UTC] PHP Stack trace:
[17-Sep-2017 20:44:54 UTC] PHP   1. {main}() /home/ubuntu/workspace/noguzm/homework/homework2/index.php:0
[17-Sep-2017 20:44:54 UTC] PHP   2. play() /home/ubuntu/workspace/noguzm/homework/homework2/index.php:17
[17-Sep-2017 20:44:54 UTC] PHP   3. array_push() /home/ubuntu/workspace/noguzm/homework/homework2/inc/functions.php:8
[17-Sep-2017 20:44:54 UTC] PHP Warning:  array_push() expects parameter 1 to be array, null given in /home/ubuntu/workspace/noguzm/homework/homework2/inc/functions.php on line 9
[17-Sep-2017 20:44:54 UTC] PHP Stack trace:
[17-Sep-2017 20:44:54 UTC] PHP   1. {main}() /home/ubuntu/workspace/noguzm/homework/homework2/index.php:0
[17-Sep-2017 20:44:54 UTC] PHP   2. play() /home/ubuntu/workspace/noguzm/homework/homework2/index.php:17
[17-Sep-2017 20:44:54 UTC] PHP   3. array_push() /home/ubuntu/workspace/noguzm/homework/homework2/inc/functions.php:9
[17-Sep-2017 20:44:54 UTC] PHP Warning:  array_push() expects parameter 1 to be array, null given in /home/ubuntu/workspace/noguzm/homework/homework2/inc/functions.php on line 8
[17-Sep-2017 20:44:54 UTC] PHP Stack trace:
[17-Sep-2017 20:44:54 UTC] PHP   1. {main}() /home/ubuntu/workspace/noguzm/homework/homework2/index.php:0
[17-Sep-2017 20:44:54 UTC] PHP   2. play() /home/ubuntu/workspace/noguzm/homework/homework2/index.php:17
[17-Sep-2017 20:44:54 UTC] PHP   3. array_push() /home/ubuntu/workspace/noguzm/homework/homework2/inc/functions.php:8
[17-Sep-2017 20:44:54 UTC] PHP Warning:  array_push() expects parameter 1 to be array, null given in /home/ubuntu/workspace/noguzm/homework/homework2/inc/functions.php on line 9
[17-Sep-2017 20:44:54 UTC] PHP Stack trace:
[17-Sep-2017 20:44:54 UTC] PHP   1. {main}() /home/ubuntu/workspace/noguzm/homework/homework2/index.php:0
[17-Sep-2017 20:44:54 UTC] PHP   2. play() /home/ubuntu/workspace/noguzm/homework/homework2/index.php:17
[17-Sep-2017 20:44:54 UTC] PHP   3. array_push() /home/ubuntu/workspace/noguzm/homework/homework2/inc/functions.php:9
[17-Sep-2017 20:44:54 UTC] PHP Warning:  array_push() expects parameter 1 to be array, null given in /home/ubuntu/workspace/noguzm/homework/homework2/inc/functions.php on line 8
[17-Sep-2017 20:44:54 UTC] PHP Stack trace:
[17-Sep-2017 20:44:54 UTC] PHP   1. {main}() /home/ubuntu/workspace/noguzm/homework/homework2/index.php:0
[17-Sep-2017 20:44:54 UTC] PHP   2. play() /home/ubuntu/workspace/noguzm/homework/homework2/index.php:17
[17-Sep-2017 20:44:54 UTC] PHP   3. array_push() /home/ubuntu/workspace/noguzm/homework/homework2/inc/functions.php:8
[17-Sep-2017 20:44:54 UTC] PHP Warning:  array_push() expects parameter 1 to be array, null given in /home/ubuntu/workspace/noguzm/homework/homework2/inc/functions.php on line 9
[17-Sep-2017 20:44:54 UTC] PHP Stack trace:
[17-Sep-2017 20:44:54 UTC] PHP   1. {main}() /home/ubuntu/workspace/noguzm/homework/homework2/index.php:0
[17-Sep-2017 20:44:54 UTC] PHP   2. play() /home/ubuntu/workspace/noguzm/homework/homework2/index.php:17
[17-Sep-2017 20:44:54 UTC] PHP   3. array_push() /home/ubuntu/workspace/noguzm/homework/homework2/inc/functions.php:9
[17-Sep-2017 20:44:54 UTC] PHP Warning:  array_push() expects parameter 1 to be array, null given in /home/ubuntu/workspace/noguzm/homework/homework2/inc/functions.php on line 8
[17-Sep-2017 20:44:54 UTC] PHP Stack trace:
[17-Sep-2017 20:44:54 UTC] PHP   1. {main}() /home/ubuntu/workspace/noguzm/homework/homework2/index.php:0
[17-Sep-2017 20:44:54 UTC] PHP   2. play() /home/ubuntu/workspace/noguzm/homework/homework2/index.php:17
[17-Sep-2017 20:44:54 UTC] PHP   3. array_push() /home/ubuntu/workspace/noguzm/homework/homework2/inc/functions.php:8
[17-Sep-2017 20:44:54 UTC] PHP Warning:  array_push() expects parameter 1 to be array, null given in /home/ubuntu/workspace/noguzm/homework/homework2/inc/functions.php on line 9
[17-Sep-2017 20:44:54 UTC] PHP Stack trace:
[17-Sep-2017 20:44:54 UTC] PHP   1. {main}() /home/ubuntu/workspace/noguzm/homework/homework2/index.php:0
[17-Sep-2017 20:44:54 UTC] PHP   2. play() /home/ubuntu/workspace/noguzm/homework/homework2/index.php:17
[17-Sep-2017 20:44:54 UTC] PHP   3. array_push() /home/ubuntu/workspace/noguzm/homework/homework2/inc/functions.php:9
[17-Sep-2017 20:44:54 UTC] PHP Warning:  array_push() expects parameter 1 to be array, null given in /home/ubuntu/workspace/noguzm/homework/homework2/inc/functions.php on line 8
[17-Sep-2017 20:44:54 UTC] PHP Stack trace:
[17-Sep-2017 20:44:54 UTC] PHP   1. {main}() /home/ubuntu/workspace/noguzm/homework/homework2/index.php:0
[17-Sep-2017 20:44:54 UTC] PHP   2. play() /home/ubuntu/workspace/noguzm/homework/homework2/index.php:17
[17-Sep-2017 20:44:54 UTC] PHP   3. array_push() /home/ubuntu/workspace/noguzm/homework/homework2/inc/functions.php:8
[17-Sep-2017 20:44:54 UTC] PHP Warning:  array_push() expects parameter 1 to be array, null given in /home/ubuntu/workspace/noguzm/homework/homework2/inc/functions.php on line 9
[17-Sep-2017 20:44:54 UTC] PHP Stack trace:
[17-Sep-2017 20:44:54 UTC] PHP   1. {main}() /home/ubuntu/workspace/noguzm/homework/homework2/index.php:0
[17-Sep-2017 20:44:54 UTC] PHP   2. play() /home/ubuntu/workspace/noguzm/homework/homework2/index.php:17
[17-Sep-2017 20:44:54 UTC] PHP   3. array_push() /home/ubuntu/workspace/noguzm/homework/homework2/inc/functions.php:9
[17-Sep-2017 20:44:54 UTC] PHP Warning:  array_push() expects parameter 1 to be array, null given in /home/ubuntu/workspace/noguzm/homework/homework2/inc/functions.php on line 8
[17-Sep-2017 20:44:54 UTC] PHP Stack trace:
[17-Sep-2017 20:44:54 UTC] PHP   1. {main}() /home/ubuntu/workspace/noguzm/homework/homework2/index.php:0
[17-Sep-2017 20:44:54 UTC] PHP   2. play() /home/ubuntu/workspace/noguzm/homework/homework2/index.php:17
[17-Sep-2017 20:44:54 UTC] PHP   3. array_push() /home/ubuntu/workspace/noguzm/homework/homework2/inc/functions.php:8
[17-Sep-2017 20:44:54 UTC] PHP Warning:  array_push() expects parameter 1 to be array, null given in /home/ubuntu/workspace/noguzm/homework/homework2/inc/functions.php on line 9
[17-Sep-2017 20:44:54 UTC] PHP Stack trace:
[17-Sep-2017 20:44:54 UTC] PHP   1. {main}() /home/ubuntu/workspace/noguzm/homework/homework2/index.php:0
[17-Sep-2017 20:44:54 UTC] PHP   2. play() /home/ubuntu/workspace/noguzm/homework/homework2/index.php:17
[17-Sep-2017 20:44:54 UTC] PHP   3. array_push() /home/ubuntu/workspace/noguzm/homework/homework2/inc/functions.php:9
[17-Sep-2017 20:44:54 UTC] PHP Warning:  array_push() expects parameter 1 to be array, null given in /home/ubuntu/workspace/noguzm/homework/homework2/inc/functions.php on line 8
[17-Sep-2017 20:44:54 UTC] PHP Stack trace:
[17-Sep-2017 20:44:54 UTC] PHP   1. {main}() /home/ubuntu/workspace/noguzm/homework/homework2/index.php:0
[17-Sep-2017 20:44:54 UTC] PHP   2. play() /home/ubuntu/workspace/noguzm/homework/homework2/index.php:17
[17-Sep-2017 20:44:54 UTC] PHP   3. array_push() /home/ubuntu/workspace/noguzm/homework/homework2/inc/functions.php:8
[17-Sep-2017 20:44:54 UTC] PHP Warning:  array_push() expects parameter 1 to be array, null given in /home/ubuntu/workspace/noguzm/homework/homework2/inc/functions.php on line 9
[17-Sep-2017 20:44:54 UTC] PHP Stack trace:
[17-Sep-2017 20:44:54 UTC] PHP   1. {main}() /home/ubuntu/workspace/noguzm/homework/homework2/index.php:0
[17-Sep-2017 20:44:54 UTC] PHP   2. play() /home/ubuntu/workspace/noguzm/homework/homework2/index.php:17
[17-Sep-2017 20:44:54 UTC] PHP   3. array_push() /home/ubuntu/workspace/noguzm/homework/homework2/inc/functions.php:9
[17-Sep-2017 20:44:54 UTC] PHP Warning:  array_push() expects parameter 1 to be array, null given in /home/ubuntu/workspace/noguzm/homework/homework2/inc/functions.php on line 8
[17-Sep-2017 20:44:54 UTC] PHP Stack trace:
[17-Sep-2017 20:44:54 UTC] PHP   1. {main}() /home/ubuntu/workspace/noguzm/homework/homework2/index.php:0
[17-Sep-2017 20:44:54 UTC] PHP   2. play() /home/ubuntu/workspace/noguzm/homework/homework2/index.php:17
[17-Sep-2017 20:44:54 UTC] PHP   3. array_push() /home/ubuntu/workspace/noguzm/homework/homework2/inc/functions.php:8
[17-Sep-2017 20:44:54 UTC] PHP Warning:  array_push() expects parameter 1 to be array, null given in /home/ubuntu/workspace/noguzm/homework/homework2/inc/functions.php on line 9
[17-Sep-2017 20:44:54 UTC] PHP Stack trace:
[17-Sep-2017 20:44:54 UTC] PHP   1. {main}() /home/ubuntu/workspace/noguzm/homework/homework2/index.php:0
[17-Sep-2017 20:44:54 UTC] PHP   2. play() /home/ubuntu/workspace/noguzm/homework/homework2/index.php:17
[17-Sep-2017 20:44:54 UTC] PHP   3. array_push() /home/ubuntu/workspace/noguzm/homework/homework2/inc/functions.php:9
[17-Sep-2017 20:44:54 UTC] PHP Warning:  array_push() expects parameter 1 to be array, null given in /home/ubuntu/workspace/noguzm/homework/homework2/inc/functions.php on line 8
[17-Sep-2017 20:44:54 UTC] PHP Stack trace:
[17-Sep-2017 20:44:54 UTC] PHP   1. {main}() /home/ubuntu/workspace/noguzm/homework/homework2/index.php:0
[17-Sep-2017 20:44:54 UTC] PHP   2. play() /home/ubuntu/workspace/noguzm/homework/homework2/index.php:17
[17-Sep-2017 20:44:54 UTC] PHP   3. array_push() /home/ubuntu/workspace/noguzm/homework/homework2/inc/functions.php:8
[17-Sep-2017 20:44:54 UTC] PHP Warning:  array_push() expects parameter 1 to be array, null given in /home/ubuntu/workspace/noguzm/homework/homework2/inc/functions.php on line 9
[17-Sep-2017 20:44:54 UTC] PHP Stack trace:
[17-Sep-2017 20:44:54 UTC] PHP   1. {main}() /home/ubuntu/workspace/noguzm/homework/homework2/index.php:0
[17-Sep-2017 20:44:54 UTC] PHP   2. play() /home/ubuntu/workspace/noguzm/homework/homework2/index.php:17
[17-Sep-2017 20:44:54 UTC] PHP   3. array_push() /home/ubuntu/workspace/noguzm/homework/homework2/inc/functions.php:9
[17-Sep-2017 20:44:54 UTC] PHP Warning:  array_push() expects parameter 1 to be array, null given in /home/ubuntu/workspace/noguzm/homework/homework2/inc/functions.php on line 8
[17-Sep-2017 20:44:54 UTC] PHP Stack trace:
[17-Sep-2017 20:44:54 UTC] PHP   1. {main}() /home/ubuntu/workspace/noguzm/homework/homework2/index.php:0
[17-Sep-2017 20:44:54 UTC] PHP   2. play() /home/ubuntu/workspace/noguzm/homework/homework2/index.php:17
[17-Sep-2017 20:44:54 UTC] PHP   3. array_push() /home/ubuntu/workspace/noguzm/homework/homework2/inc/functions.php:8
[17-Sep-2017 20:44:54 UTC] PHP Warning:  array_push() expects parameter 1 to be array, null given in /home/ubuntu/workspace/noguzm/homework/homework2/inc/functions.php on line 9
[17-Sep-2017 20:44:54 UTC] PHP Stack trace:
[17-Sep-2017 20:44:54 UTC] PHP   1. {main}() /home/ubuntu/workspace/noguzm/homework/homework2/index.php:0
[17-Sep-2017 20:44:54 UTC] PHP   2. play() /home/ubuntu/workspace/noguzm/homework/homework2/index.php:17
[17-Sep-2017 20:44:54 UTC] PHP   3. array_push() /home/ubuntu/workspace/noguzm/homework/homework2/inc/functions.php:9
[17-Sep-2017 20:44:54 UTC] PHP Warning:  array_push() expects parameter 1 to be array, null given in /home/ubuntu/workspace/noguzm/homework/homework2/inc/functions.php on line 8
[17-Sep-2017 20:44:54 UTC] PHP Stack trace:
[17-Sep-2017 20:44:54 UTC] PHP   1. {main}() /home/ubuntu/workspace/noguzm/homework/homework2/index.php:0
[17-Sep-2017 20:44:54 UTC] PHP   2. play() /home/ubuntu/workspace/noguzm/homework/homework2/index.php:17
[17-Sep-2017 20:44:54 UTC] PHP   3. array_push() /home/ubuntu/workspace/noguzm/homework/homework2/inc/functions.php:8
[17-Sep-2017 20:44:54 UTC] PHP Warning:  array_push() expects parameter 1 to be array, null given in /home/ubuntu/workspace/noguzm/homework/homework2/inc/functions.php on line 9
[17-Sep-2017 20:44:54 UTC] PHP Stack trace:
[17-Sep-2017 20:44:54 UTC] PHP   1. {main}() /home/ubuntu/workspace/noguzm/homework/homework2/index.php:0
[17-Sep-2017 20:44:54 UTC] PHP   2. play() /home/ubuntu/workspace/noguzm/homework/homework2/index.php:17
[17-Sep-2017 20:44:54 UTC] PHP   3. array_push() /home/ubuntu/workspace/noguzm/homework/homework2/inc/functions.php:9
[17-Sep-2017 20:44:54 UTC] PHP Warning:  array_push() expects parameter 1 to be array, null given in /home/ubuntu/workspace/noguzm/homework/homework2/inc/functions.php on line 8
[17-Sep-2017 20:44:54 UTC] PHP Stack trace:
[17-Sep-2017 20:44:54 UTC] PHP   1. {main}() /home/ubuntu/workspace/noguzm/homework/homework2/index.php:0
[17-Sep-2017 20:44:54 UTC] PHP   2. play() /home/ubuntu/workspace/noguzm/homework/homework2/index.php:17
[17-Sep-2017 20:44:54 UTC] PHP   3. array_push() /home/ubuntu/workspace/noguzm/homework/homework2/inc/functions.php:8
[17-Sep-2017 20:44:54 UTC] PHP Warning:  array_push() expects parameter 1 to be array, null given in /home/ubuntu/workspace/noguzm/homework/homework2/inc/functions.php on line 9
[17-Sep-2017 20:44:54 UTC] PHP Stack trace:
[17-Sep-2017 20:44:54 UTC] PHP   1. {main}() /home/ubuntu/workspace/noguzm/homework/homework2/index.php:0
[17-Sep-2017 20:44:54 UTC] PHP   2. play() /home/ubuntu/workspace/noguzm/homework/homework2/index.php:17
[17-Sep-2017 20:44:54 UTC] PHP   3. array_push() /home/ubuntu/workspace/noguzm/homework/homework2/inc/functions.php:9
[17-Sep-2017 20:44:54 UTC] PHP Warning:  array_push() expects parameter 1 to be array, null given in /home/ubuntu/workspace/noguzm/homework/homework2/inc/functions.php on line 8
[17-Sep-2017 20:44:54 UTC] PHP Stack trace:
[17-Sep-2017 20:44:54 UTC] PHP   1. {main}() /home/ubuntu/workspace/noguzm/homework/homework2/index.php:0
[17-Sep-2017 20:44:54 UTC] PHP   2. play() /home/ubuntu/workspace/noguzm/homework/homework2/index.php:17
[17-Sep-2017 20:44:54 UTC] PHP   3. array_push() /home/ubuntu/workspace/noguzm/homework/homework2/inc/functions.php:8
[17-Sep-2017 20:44:54 UTC] PHP Warning:  array_push() expects parameter 1 to be array, null given in /home/ubuntu/workspace/noguzm/homework/homework2/inc/functions.php on line 9
[17-Sep-2017 20:44:54 UTC] PHP Stack trace:
[17-Sep-2017 20:44:54 UTC] PHP   1. {main}() /home/ubuntu/workspace/noguzm/homework/homework2/index.php:0
[17-Sep-2017 20:44:54 UTC] PHP   2. play() /home/ubuntu/workspace/noguzm/homework/homework2/index.php:17
[17-Sep-2017 20:44:54 UTC] PHP   3. array_push() /home/ubuntu/workspace/noguzm/homework/homework2/inc/functions.php:9
[17-Sep-2017 20:44:54 UTC] PHP Warning:  array_push() expects parameter 1 to be array, null given in /home/ubuntu/workspace/noguzm/homework/homework2/inc/functions.php on line 8
[17-Sep-2017 20:44:54 UTC] PHP Stack trace:
[17-Sep-2017 20:44:54 UTC] PHP   1. {main}() /home/ubuntu/workspace/noguzm/homework/homework2/index.php:0
[17-Sep-2017 20:44:54 UTC] PHP   2. play() /home/ubuntu/workspace/noguzm/homework/homework2/index.php:17
[17-Sep-2017 20:44:54 UTC] PHP   3. array_push() /home/ubuntu/workspace/noguzm/homework/homework2/inc/functions.php:8
[17-Sep-2017 20:44:54 UTC] PHP Warning:  array_push() expects parameter 1 to be array, null given in /home/ubuntu/workspace/noguzm/homework/homework2/inc/functions.php on line 9
[17-Sep-2017 20:44:54 UTC] PHP Stack trace:
[17-Sep-2017 20:44:54 UTC] PHP   1. {main}() /home/ubuntu/workspace/noguzm/homework/homework2/index.php:0
[17-Sep-2017 20:44:54 UTC] PHP   2. play() /home/ubuntu/workspace/noguzm/homework/homework2/index.php:17
[17-Sep-2017 20:44:54 UTC] PHP   3. array_push() /home/ubuntu/workspace/noguzm/homework/homework2/inc/functions.php:9
[17-Sep-2017 20:44:54 UTC] PHP Warning:  array_push() expects parameter 1 to be array, null given in /home/ubuntu/workspace/noguzm/homework/homework2/inc/functions.php on line 8
[17-Sep-2017 20:44:54 UTC] PHP Stack trace:
[17-Sep-2017 20:44:54 UTC] PHP   1. {main}() /home/ubuntu/workspace/noguzm/homework/homework2/index.php:0
[17-Sep-2017 20:44:54 UTC] PHP   2. play() /home/ubuntu/workspace/noguzm/homework/homework2/index.php:17
[17-Sep-2017 20:44:54 UTC] PHP   3. array_push() /home/ubuntu/workspace/noguzm/homework/homework2/inc/functions.php:8
[17-Sep-2017 20:44:54 UTC] PHP Warning:  array_push() expects parameter 1 to be array, null given in /home/ubuntu/workspace/noguzm/homework/homework2/inc/functions.php on line 9
[17-Sep-2017 20:44:54 UTC] PHP Stack trace:
[17-Sep-2017 20:44:54 UTC] PHP   1. {main}() /home/ubuntu/workspace/noguzm/homework/homework2/index.php:0
[17-Sep-2017 20:44:54 UTC] PHP   2. play() /home/ubuntu/workspace/noguzm/homework/homework2/index.php:17
[17-Sep-2017 20:44:54 UTC] PHP   3. array_push() /home/ubuntu/workspace/noguzm/homework/homework2/inc/functions.php:9
[17-Sep-2017 20:44:54 UTC] PHP Warning:  array_push() expects parameter 1 to be array, null given in /home/ubuntu/workspace/noguzm/homework/homework2/inc/functions.php on line 8
[17-Sep-2017 20:44:54 UTC] PHP Stack trace:
[17-Sep-2017 20:44:54 UTC] PHP   1. {main}() /home/ubuntu/workspace/noguzm/homework/homework2/index.php:0
[17-Sep-2017 20:44:54 UTC] PHP   2. play() /home/ubuntu/workspace/noguzm/homework/homework2/index.php:17
[17-Sep-2017 20:44:54 UTC] PHP   3. array_push() /home/ubuntu/workspace/noguzm/homework/homework2/inc/functions.php:8
[17-Sep-2017 20:44:54 UTC] PHP Warning:  array_push() expects parameter 1 to be array, null given in /home/ubuntu/workspace/noguzm/homework/homework2/inc/functions.php on line 9
[17-Sep-2017 20:44:54 UTC] PHP Stack trace:
[17-Sep-2017 20:44:54 UTC] PHP   1. {main}() /home/ubuntu/workspace/noguzm/homework/homework2/index.php:0
[17-Sep-2017 20:44:54 UTC] PHP   2. play() /home/ubuntu/workspace/noguzm/homework/homework2/index.php:17
[17-Sep-2017 20:44:54 UTC] PHP   3. array_push() /home/ubuntu/workspace/noguzm/homework/homework2/inc/functions.php:9
[17-Sep-2017 20:44:54 UTC] PHP Warning:  array_push() expects parameter 1 to be array, null given in /home/ubuntu/workspace/noguzm/homework/homework2/inc/functions.php on line 8
[17-Sep-2017 20:44:54 UTC] PHP Stack trace:
[17-Sep-2017 20:44:54 UTC] PHP   1. {main}() /home/ubuntu/workspace/noguzm/homework/homework2/index.php:0
[17-Sep-2017 20:44:54 UTC] PHP   2. play() /home/ubuntu/workspace/noguzm/homework/homework2/index.php:17
[17-Sep-2017 20:44:54 UTC] PHP   3. array_push() /home/ubuntu/workspace/noguzm/homework/homework2/inc/functions.php:8
[17-Sep-2017 20:44:54 UTC] PHP Warning:  array_push() expects parameter 1 to be array, null given in /home/ubuntu/workspace/noguzm/homework/homework2/inc/functions.php on line 9
[17-Sep-2017 20:44:54 UTC] PHP Stack trace:
[17-Sep-2017 20:44:54 UTC] PHP   1. {main}() /home/ubuntu/workspace/noguzm/homework/homework2/index.php:0
[17-Sep-2017 20:44:54 UTC] PHP   2. play() /home/ubuntu/workspace/noguzm/homework/homework2/index.php:17
[17-Sep-2017 20:44:54 UTC] PHP   3. array_push() /home/ubuntu/workspace/noguzm/homework/homework2/inc/functions.php:9
[17-Sep-2017 20:44:54 UTC] PHP Warning:  array_push() expects parameter 1 to be array, null given in /home/ubuntu/workspace/noguzm/homework/homework2/inc/functions.php on line 8
[17-Sep-2017 20:44:54 UTC] PHP Stack trace:
[17-Sep-2017 20:44:54 UTC] PHP   1. {main}() /home/ubuntu/workspace/noguzm/homework/homework2/index.php:0
[17-Sep-2017 20:44:54 UTC] PHP   2. play() /home/ubuntu/workspace/noguzm/homework/homework2/index.php:17
[17-Sep-2017 20:44:54 UTC] PHP   3. array_push() /home/ubuntu/workspace/noguzm/homework/homework2/inc/functions.php:8
[17-Sep-2017 20:44:54 UTC] PHP Warning:  array_push() expects parameter 1 to be array, null given in /home/ubuntu/workspace/noguzm/homework/homework2/inc/functions.php on line 9
[17-Sep-2017 20:44:54 UTC] PHP Stack trace:
[17-Sep-2017 20:44:54 UTC] PHP   1. {main}() /home/ubuntu/workspace/noguzm/homework/homework2/index.php:0
[17-Sep-2017 20:44:54 UTC] PHP   2. play() /home/ubuntu/workspace/noguzm/homework/homework2/index.php:17
[17-Sep-2017 20:44:54 UTC] PHP   3. array_push() /home/ubuntu/workspace/noguzm/homework/homework2/inc/functions.php:9
[17-Sep-2017 20:44:54 UTC] PHP Warning:  array_push() expects parameter 1 to be array, null given in /home/ubuntu/workspace/noguzm/homework/homework2/inc/functions.php on line 8
[17-Sep-2017 20:44:54 UTC] PHP Stack trace:
[17-Sep-2017 20:44:54 UTC] PHP   1. {main}() /home/ubuntu/workspace/noguzm/homework/homework2/index.php:0
[17-Sep-2017 20:44:54 UTC] PHP   2. play() /home/ubuntu/workspace/noguzm/homework/homework2/index.php:17
[17-Sep-2017 20:44:54 UTC] PHP   3. array_push() /home/ubuntu/workspace/noguzm/homework/homework2/inc/functions.php:8
[17-Sep-2017 20:44:54 UTC] PHP Warning:  array_push() expects parameter 1 to be array, null given in /home/ubuntu/workspace/noguzm/homework/homework2/inc/functions.php on line 9
[17-Sep-2017 20:44:54 UTC] PHP Stack trace:
[17-Sep-2017 20:44:54 UTC] PHP   1. {main}() /home/ubuntu/workspace/noguzm/homework/homework2/index.php:0
[17-Sep-2017 20:44:54 UTC] PHP   2. play() /home/ubuntu/workspace/noguzm/homework/homework2/index.php:17
[17-Sep-2017 20:44:54 UTC] PHP   3. array_push() /home/ubuntu/workspace/noguzm/homework/homework2/inc/functions.php:9
[17-Sep-2017 20:44:54 UTC] PHP Warning:  array_push() expects parameter 1 to be array, null given in /home/ubuntu/workspace/noguzm/homework/homework2/inc/functions.php on line 8
[17-Sep-2017 20:44:54 UTC] PHP Stack trace:
[17-Sep-2017 20:44:54 UTC] PHP   1. {main}() /home/ubuntu/workspace/noguzm/homework/homework2/index.php:0
[17-Sep-2017 20:44:54 UTC] PHP   2. play() /home/ubuntu/workspace/noguzm/homework/homework2/index.php:17
[17-Sep-2017 20:44:54 UTC] PHP   3. array_push() /home/ubuntu/workspace/noguzm/homework/homework2/inc/functions.php:8
[17-Sep-2017 20:44:54 UTC] PHP Warning:  array_push() expects parameter 1 to be array, null given in /home/ubuntu/workspace/noguzm/homework/homework2/inc/functions.php on line 9
[17-Sep-2017 20:44:54 UTC] PHP Stack trace:
[17-Sep-2017 20:44:54 UTC] PHP   1. {main}() /home/ubuntu/workspace/noguzm/homework/homework2/index.php:0
[17-Sep-2017 20:44:54 UTC] PHP   2. play() /home/ubuntu/workspace/noguzm/homework/homework2/index.php:17
[17-Sep-2017 20:44:54 UTC] PHP   3. array_push() /home/ubuntu/workspace/noguzm/homework/homework2/inc/functions.php:9
[17-Sep-2017 20:44:54 UTC] PHP Warning:  array_push() expects parameter 1 to be array, null given in /home/ubuntu/workspace/noguzm/homework/homework2/inc/functions.php on line 8
[17-Sep-2017 20:44:54 UTC] PHP Stack trace:
[17-Sep-2017 20:44:54 UTC] PHP   1. {main}() /home/ubuntu/workspace/noguzm/homework/homework2/index.php:0
[17-Sep-2017 20:44:54 UTC] PHP   2. play() /home/ubuntu/workspace/noguzm/homework/homework2/index.php:17
[17-Sep-2017 20:44:54 UTC] PHP   3. array_push() /home/ubuntu/workspace/noguzm/homework/homework2/inc/functions.php:8
[17-Sep-2017 20:44:54 UTC] PHP Warning:  array_push() expects parameter 1 to be array, null given in /home/ubuntu/workspace/noguzm/homework/homework2/inc/functions.php on line 9
[17-Sep-2017 20:44:54 UTC] PHP Stack trace:
[17-Sep-2017 20:44:54 UTC] PHP   1. {main}() /home/ubuntu/workspace/noguzm/homework/homework2/index.php:0
[17-Sep-2017 20:44:54 UTC] PHP   2. play() /home/ubuntu/workspace/noguzm/homework/homework2/index.php:17
[17-Sep-2017 20:44:54 UTC] PHP   3. array_push() /home/ubuntu/workspace/noguzm/homework/homework2/inc/functions.php:9
[17-Sep-2017 20:44:54 UTC] PHP Warning:  array_push() expects parameter 1 to be array, null given in /home/ubuntu/workspace/noguzm/homework/homework2/inc/functions.php on line 8
[17-Sep-2017 20:44:54 UTC] PHP Stack trace:
[17-Sep-2017 20:44:54 UTC] PHP   1. {main}() /home/ubuntu/workspace/noguzm/homework/homework2/index.php:0
[17-Sep-2017 20:44:54 UTC] PHP   2. play() /home/ubuntu/workspace/noguzm/homework/homework2/index.php:17
[17-Sep-2017 20:44:54 UTC] PHP   3. array_push() /home/ubuntu/workspace/noguzm/homework/homework2/inc/functions.php:8
[17-Sep-2017 20:44:54 UTC] PHP Warning:  array_push() expects parameter 1 to be array, null given in /home/ubuntu/workspace/noguzm/homework/homework2/inc/functions.php on line 9
[17-Sep-2017 20:44:54 UTC] PHP Stack trace:
[17-Sep-2017 20:44:54 UTC] PHP   1. {main}() /home/ubuntu/workspace/noguzm/homework/homework2/index.php:0
[17-Sep-2017 20:44:54 UTC] PHP   2. play() /home/ubuntu/workspace/noguzm/homework/homework2/index.php:17
[17-Sep-2017 20:44:54 UTC] PHP   3. array_push() /home/ubuntu/workspace/noguzm/homework/homework2/inc/functions.php:9
[17-Sep-2017 20:44:54 UTC] PHP Warning:  array_push() expects parameter 1 to be array, null given in /home/ubuntu/workspace/noguzm/homework/homework2/inc/functions.php on line 8
[17-Sep-2017 20:44:54 UTC] PHP Stack trace:
[17-Sep-2017 20:44:54 UTC] PHP   1. {main}() /home/ubuntu/workspace/noguzm/homework/homework2/index.php:0
[17-Sep-2017 20:44:54 UTC] PHP   2. play() /home/ubuntu/workspace/noguzm/homework/homework2/index.php:17
[17-Sep-2017 20:44:54 UTC] PHP   3. array_push() /home/ubuntu/workspace/noguzm/homework/homework2/inc/functions.php:8
[17-Sep-2017 20:44:54 UTC] PHP Warning:  array_push() expects parameter 1 to be array, null given in /home/ubuntu/workspace/noguzm/homework/homework2/inc/functions.php on line 9
[17-Sep-2017 20:44:54 UTC] PHP Stack trace:
[17-Sep-2017 20:44:54 UTC] PHP   1. {main}() /home/ubuntu/workspace/noguzm/homework/homework2/index.php:0
[17-Sep-2017 20:44:54 UTC] PHP   2. play() /home/ubuntu/workspace/noguzm/homework/homework2/index.php:17
[17-Sep-2017 20:44:54 UTC] PHP   3. array_push() /home/ubuntu/workspace/noguzm/homework/homework2/inc/functions.php:9
[17-Sep-2017 20:44:54 UTC] PHP Warning:  array_push() expects parameter 1 to be array, null given in /home/ubuntu/workspace/noguzm/homework/homework2/inc/functions.php on line 8
[17-Sep-2017 20:44:54 UTC] PHP Stack trace:
[17-Sep-2017 20:44:54 UTC] PHP   1. {main}() /home/ubuntu/workspace/noguzm/homework/homework2/index.php:0
[17-Sep-2017 20:44:54 UTC] PHP   2. play() /home/ubuntu/workspace/noguzm/homework/homework2/index.php:17
[17-Sep-2017 20:44:54 UTC] PHP   3. array_push() /home/ubuntu/workspace/noguzm/homework/homework2/inc/functions.php:8
[17-Sep-2017 20:44:54 UTC] PHP Warning:  array_push() expects parameter 1 to be array, null given in /home/ubuntu/workspace/noguzm/homework/homework2/inc/functions.php on line 9
[17-Sep-2017 20:44:54 UTC] PHP Stack trace:
[17-Sep-2017 20:44:54 UTC] PHP   1. {main}() /home/ubuntu/workspace/noguzm/homework/homework2/index.php:0
[17-Sep-2017 20:44:54 UTC] PHP   2. play() /home/ubuntu/workspace/noguzm/homework/homework2/index.php:17
[17-Sep-2017 20:44:54 UTC] PHP   3. array_push() /home/ubuntu/workspace/noguzm/homework/homework2/inc/functions.php:9
[17-Sep-2017 20:44:54 UTC] PHP Warning:  array_push() expects parameter 1 to be array, null given in /home/ubuntu/workspace/noguzm/homework/homework2/inc/functions.php on line 8
[17-Sep-2017 20:44:54 UTC] PHP Stack trace:
[17-Sep-2017 20:44:54 UTC] PHP   1. {main}() /home/ubuntu/workspace/noguzm/homework/homework2/index.php:0
[17-Sep-2017 20:44:54 UTC] PHP   2. play() /home/ubuntu/workspace/noguzm/homework/homework2/index.php:17
[17-Sep-2017 20:44:54 UTC] PHP   3. array_push() /home/ubuntu/workspace/noguzm/homework/homework2/inc/functions.php:8
[17-Sep-2017 20:44:54 UTC] PHP Warning:  array_push() expects parameter 1 to be array, null given in /home/ubuntu/workspace/noguzm/homework/homework2/inc/functions.php on line 9
[17-Sep-2017 20:44:54 UTC] PHP Stack trace:
[17-Sep-2017 20:44:54 UTC] PHP   1. {main}() /home/ubuntu/workspace/noguzm/homework/homework2/index.php:0
[17-Sep-2017 20:44:54 UTC] PHP   2. play() /home/ubuntu/workspace/noguzm/homework/homework2/index.php:17
[17-Sep-2017 20:44:54 UTC] PHP   3. array_push() /home/ubuntu/workspace/noguzm/homework/homework2/inc/functions.php:9
[17-Sep-2017 20:44:54 UTC] PHP Warning:  shuffle() expects parameter 1 to be array, null given in /home/ubuntu/workspace/noguzm/homework/homework2/inc/functions.php on line 11
[17-Sep-2017 20:44:54 UTC] PHP Stack trace:
[17-Sep-2017 20:44:54 UTC] PHP   1. {main}() /home/ubuntu/workspace/noguzm/homework/homework2/index.php:0
[17-Sep-2017 20:44:54 UTC] PHP   2. play() /home/ubuntu/workspace/noguzm/homework/homework2/index.php:17
[17-Sep-2017 20:44:54 UTC] PHP   3. shuffle() /home/ubuntu/workspace/noguzm/homework/homework2/inc/functions.php:11
[17-Sep-2017 20:44:54 UTC] PHP Warning:  shuffle() expects parameter 1 to be array, null given in /home/ubuntu/workspace/noguzm/homework/homework2/inc/functions.php on line 12
[17-Sep-2017 20:44:54 UTC] PHP Stack trace:
[17-Sep-2017 20:44:54 UTC] PHP   1. {main}() /home/ubuntu/workspace/noguzm/homework/homework2/index.php:0
[17-Sep-2017 20:44:54 UTC] PHP   2. play() /home/ubuntu/workspace/noguzm/homework/homework2/index.php:17
[17-Sep-2017 20:44:54 UTC] PHP   3. shuffle() /home/ubuntu/workspace/noguzm/homework/homework2/inc/functions.php:12
