[08-Sep-2017 20:23:07 UTC] PHP Parse error:  syntax error, unexpected ';' in /home/ubuntu/workspace/noguzm/challenge/challenge2/start.php on line 21
[08-Sep-2017 20:23:10 UTC] PHP Parse error:  syntax error, unexpected ';' in /home/ubuntu/workspace/noguzm/challenge/challenge2/start.php on line 21
[08-Sep-2017 20:23:51 UTC] PHP Parse error:  syntax error, unexpected '{' in /home/ubuntu/workspace/noguzm/challenge/challenge2/start.php on line 22
[08-Sep-2017 20:24:02 UTC] PHP Parse error:  syntax error, unexpected '{' in /home/ubuntu/workspace/noguzm/challenge/challenge2/start.php on line 22
[08-Sep-2017 20:24:05 UTC] PHP Parse error:  syntax error, unexpected '{' in /home/ubuntu/workspace/noguzm/challenge/challenge2/start.php on line 22
[08-Sep-2017 20:24:07 UTC] PHP Parse error:  syntax error, unexpected '{' in /home/ubuntu/workspace/noguzm/challenge/challenge2/start.php on line 22
[08-Sep-2017 20:24:07 UTC] PHP Parse error:  syntax error, unexpected '{' in /home/ubuntu/workspace/noguzm/challenge/challenge2/start.php on line 22
[08-Sep-2017 20:24:26 UTC] PHP Parse error:  syntax error, unexpected '{' in /home/ubuntu/workspace/noguzm/challenge/challenge2/start.php on line 22
[08-Sep-2017 20:24:38 UTC] PHP Parse error:  syntax error, unexpected end of file in /home/ubuntu/workspace/noguzm/challenge/challenge2/start.php on line 54
[08-Sep-2017 20:24:39 UTC] PHP Parse error:  syntax error, unexpected end of file in /home/ubuntu/workspace/noguzm/challenge/challenge2/start.php on line 54
[08-Sep-2017 20:24:39 UTC] PHP Parse error:  syntax error, unexpected end of file in /home/ubuntu/workspace/noguzm/challenge/challenge2/start.php on line 54
[08-Sep-2017 20:24:39 UTC] PHP Parse error:  syntax error, unexpected end of file in /home/ubuntu/workspace/noguzm/challenge/challenge2/start.php on line 54
[08-Sep-2017 20:24:40 UTC] PHP Parse error:  syntax error, unexpected end of file in /home/ubuntu/workspace/noguzm/challenge/challenge2/start.php on line 54
[08-Sep-2017 20:24:41 UTC] PHP Parse error:  syntax error, unexpected end of file in /home/ubuntu/workspace/noguzm/challenge/challenge2/start.php on line 54
[08-Sep-2017 20:24:56 UTC] PHP Parse error:  syntax error, unexpected end of file in /home/ubuntu/workspace/noguzm/challenge/challenge2/start.php on line 54
[08-Sep-2017 20:24:57 UTC] PHP Parse error:  syntax error, unexpected end of file in /home/ubuntu/workspace/noguzm/challenge/challenge2/start.php on line 54
[08-Sep-2017 20:24:58 UTC] PHP Parse error:  syntax error, unexpected end of file in /home/ubuntu/workspace/noguzm/challenge/challenge2/start.php on line 54
[08-Sep-2017 20:25:19 UTC] PHP Parse error:  syntax error, unexpected end of file in /home/ubuntu/workspace/noguzm/challenge/challenge2/start.php on line 51
[08-Sep-2017 20:25:20 UTC] PHP Parse error:  syntax error, unexpected end of file in /home/ubuntu/workspace/noguzm/challenge/challenge2/start.php on line 51
[08-Sep-2017 20:25:20 UTC] PHP Parse error:  syntax error, unexpected end of file in /home/ubuntu/workspace/noguzm/challenge/challenge2/start.php on line 51
[08-Sep-2017 20:25:21 UTC] PHP Parse error:  syntax error, unexpected end of file in /home/ubuntu/workspace/noguzm/challenge/challenge2/start.php on line 51
[08-Sep-2017 20:25:21 UTC] PHP Parse error:  syntax error, unexpected end of file in /home/ubuntu/workspace/noguzm/challenge/challenge2/start.php on line 51
[08-Sep-2017 20:25:21 UTC] PHP Parse error:  syntax error, unexpected end of file in /home/ubuntu/workspace/noguzm/challenge/challenge2/start.php on line 51
[08-Sep-2017 20:25:21 UTC] PHP Parse error:  syntax error, unexpected end of file in /home/ubuntu/workspace/noguzm/challenge/challenge2/start.php on line 51
[08-Sep-2017 20:25:22 UTC] PHP Parse error:  syntax error, unexpected end of file in /home/ubuntu/workspace/noguzm/challenge/challenge2/start.php on line 51
[08-Sep-2017 20:25:22 UTC] PHP Parse error:  syntax error, unexpected end of file in /home/ubuntu/workspace/noguzm/challenge/challenge2/start.php on line 51
[08-Sep-2017 20:25:22 UTC] PHP Parse error:  syntax error, unexpected end of file in /home/ubuntu/workspace/noguzm/challenge/challenge2/start.php on line 51
[08-Sep-2017 20:25:22 UTC] PHP Parse error:  syntax error, unexpected end of file in /home/ubuntu/workspace/noguzm/challenge/challenge2/start.php on line 51
[08-Sep-2017 20:25:22 UTC] PHP Parse error:  syntax error, unexpected end of file in /home/ubuntu/workspace/noguzm/challenge/challenge2/start.php on line 51
[08-Sep-2017 20:25:22 UTC] PHP Parse error:  syntax error, unexpected end of file in /home/ubuntu/workspace/noguzm/challenge/challenge2/start.php on line 51
[08-Sep-2017 20:25:22 UTC] PHP Parse error:  syntax error, unexpected end of file in /home/ubuntu/workspace/noguzm/challenge/challenge2/start.php on line 51
[08-Sep-2017 20:25:22 UTC] PHP Parse error:  syntax error, unexpected end of file in /home/ubuntu/workspace/noguzm/challenge/challenge2/start.php on line 51
[08-Sep-2017 20:25:22 UTC] PHP Parse error:  syntax error, unexpected end of file in /home/ubuntu/workspace/noguzm/challenge/challenge2/start.php on line 51
[08-Sep-2017 20:25:22 UTC] PHP Parse error:  syntax error, unexpected end of file in /home/ubuntu/workspace/noguzm/challenge/challenge2/start.php on line 51
[08-Sep-2017 20:25:22 UTC] PHP Parse error:  syntax error, unexpected end of file in /home/ubuntu/workspace/noguzm/challenge/challenge2/start.php on line 51
[08-Sep-2017 20:25:22 UTC] PHP Parse error:  syntax error, unexpected end of file in /home/ubuntu/workspace/noguzm/challenge/challenge2/start.php on line 51
[08-Sep-2017 20:25:22 UTC] PHP Parse error:  syntax error, unexpected end of file in /home/ubuntu/workspace/noguzm/challenge/challenge2/start.php on line 51
[08-Sep-2017 20:25:22 UTC] PHP Parse error:  syntax error, unexpected end of file in /home/ubuntu/workspace/noguzm/challenge/challenge2/start.php on line 51
[08-Sep-2017 20:25:22 UTC] PHP Parse error:  syntax error, unexpected end of file in /home/ubuntu/workspace/noguzm/challenge/challenge2/start.php on line 51
[08-Sep-2017 20:25:22 UTC] PHP Parse error:  syntax error, unexpected end of file in /home/ubuntu/workspace/noguzm/challenge/challenge2/start.php on line 51
[08-Sep-2017 20:25:22 UTC] PHP Parse error:  syntax error, unexpected end of file in /home/ubuntu/workspace/noguzm/challenge/challenge2/start.php on line 51
[08-Sep-2017 20:25:22 UTC] PHP Parse error:  syntax error, unexpected end of file in /home/ubuntu/workspace/noguzm/challenge/challenge2/start.php on line 51
[08-Sep-2017 20:25:22 UTC] PHP Parse error:  syntax error, unexpected end of file in /home/ubuntu/workspace/noguzm/challenge/challenge2/start.php on line 51
[08-Sep-2017 20:25:22 UTC] PHP Parse error:  syntax error, unexpected end of file in /home/ubuntu/workspace/noguzm/challenge/challenge2/start.php on line 51
[08-Sep-2017 20:25:22 UTC] PHP Parse error:  syntax error, unexpected end of file in /home/ubuntu/workspace/noguzm/challenge/challenge2/start.php on line 51
[08-Sep-2017 20:25:22 UTC] PHP Parse error:  syntax error, unexpected end of file in /home/ubuntu/workspace/noguzm/challenge/challenge2/start.php on line 51
[08-Sep-2017 20:25:22 UTC] PHP Parse error:  syntax error, unexpected end of file in /home/ubuntu/workspace/noguzm/challenge/challenge2/start.php on line 51
[08-Sep-2017 20:25:22 UTC] PHP Parse error:  syntax error, unexpected end of file in /home/ubuntu/workspace/noguzm/challenge/challenge2/start.php on line 51
[08-Sep-2017 20:25:22 UTC] PHP Parse error:  syntax error, unexpected end of file in /home/ubuntu/workspace/noguzm/challenge/challenge2/start.php on line 51
[08-Sep-2017 20:25:23 UTC] PHP Parse error:  syntax error, unexpected end of file in /home/ubuntu/workspace/noguzm/challenge/challenge2/start.php on line 51
[08-Sep-2017 20:25:23 UTC] PHP Parse error:  syntax error, unexpected end of file in /home/ubuntu/workspace/noguzm/challenge/challenge2/start.php on line 51
[08-Sep-2017 20:25:24 UTC] PHP Parse error:  syntax error, unexpected end of file in /home/ubuntu/workspace/noguzm/challenge/challenge2/start.php on line 51
[08-Sep-2017 20:25:40 UTC] PHP Parse error:  syntax error, unexpected end of file in /home/ubuntu/workspace/noguzm/challenge/challenge2/start.php on line 51
[08-Sep-2017 20:25:41 UTC] PHP Parse error:  syntax error, unexpected end of file in /home/ubuntu/workspace/noguzm/challenge/challenge2/start.php on line 51
[08-Sep-2017 20:25:57 UTC] PHP Parse error:  syntax error, unexpected end of file in /home/ubuntu/workspace/noguzm/challenge/challenge2/start.php on line 51
[08-Sep-2017 20:39:31 UTC] PHP Parse error:  syntax error, unexpected 'displayCard' (T_STRING) in /home/ubuntu/workspace/noguzm/challenge/challenge2/start.php on line 17
[08-Sep-2017 20:40:00 UTC] PHP Parse error:  syntax error, unexpected '}', expecting ',' or ';' in /home/ubuntu/workspace/noguzm/challenge/challenge2/start.php on line 52
