[08-Dec-2017 00:06:28 UTC] PHP Warning:  include(../dbConnection.php): failed to open stream: No such file or directory in /home/ubuntu/workspace/noguzm/final/function/gameData.php on line 3
[08-Dec-2017 00:06:28 UTC] PHP Stack trace:
[08-Dec-2017 00:06:28 UTC] PHP   1. {main}() /home/ubuntu/workspace/noguzm/final/function/gameData.php:0
[08-Dec-2017 00:06:28 UTC] PHP Warning:  include(): Failed opening '../dbConnection.php' for inclusion (include_path='.:/usr/share/php:/usr/share/pear') in /home/ubuntu/workspace/noguzm/final/function/gameData.php on line 3
[08-Dec-2017 00:06:28 UTC] PHP Stack trace:
[08-Dec-2017 00:06:28 UTC] PHP   1. {main}() /home/ubuntu/workspace/noguzm/final/function/gameData.php:0
[08-Dec-2017 00:06:28 UTC] PHP Fatal error:  Call to undefined function getDatabaseConnection() in /home/ubuntu/workspace/noguzm/final/function/gameData.php on line 4
[08-Dec-2017 00:06:28 UTC] PHP Stack trace:
[08-Dec-2017 00:06:28 UTC] PHP   1. {main}() /home/ubuntu/workspace/noguzm/final/function/gameData.php:0
[08-Dec-2017 00:06:50 UTC] PHP Warning:  include(../dbConnection.php): failed to open stream: No such file or directory in /home/ubuntu/workspace/noguzm/final/function/login.php on line 5
[08-Dec-2017 00:06:50 UTC] PHP Stack trace:
[08-Dec-2017 00:06:50 UTC] PHP   1. {main}() /home/ubuntu/workspace/noguzm/final/function/login.php:0
[08-Dec-2017 00:06:50 UTC] PHP Warning:  include(): Failed opening '../dbConnection.php' for inclusion (include_path='.:/usr/share/php:/usr/share/pear') in /home/ubuntu/workspace/noguzm/final/function/login.php on line 5
[08-Dec-2017 00:06:50 UTC] PHP Stack trace:
[08-Dec-2017 00:06:50 UTC] PHP   1. {main}() /home/ubuntu/workspace/noguzm/final/function/login.php:0
[08-Dec-2017 00:06:50 UTC] PHP Fatal error:  Call to undefined function getDatabaseConnection() in /home/ubuntu/workspace/noguzm/final/function/login.php on line 6
[08-Dec-2017 00:06:50 UTC] PHP Stack trace:
[08-Dec-2017 00:06:50 UTC] PHP   1. {main}() /home/ubuntu/workspace/noguzm/final/function/login.php:0
[08-Dec-2017 00:07:33 UTC] PHP Warning:  include(../dbConnection.php): failed to open stream: No such file or directory in /home/ubuntu/workspace/noguzm/final/function/login.php on line 5
[08-Dec-2017 00:07:33 UTC] PHP Stack trace:
[08-Dec-2017 00:07:33 UTC] PHP   1. {main}() /home/ubuntu/workspace/noguzm/final/function/login.php:0
[08-Dec-2017 00:07:33 UTC] PHP Warning:  include(): Failed opening '../dbConnection.php' for inclusion (include_path='.:/usr/share/php:/usr/share/pear') in /home/ubuntu/workspace/noguzm/final/function/login.php on line 5
[08-Dec-2017 00:07:33 UTC] PHP Stack trace:
[08-Dec-2017 00:07:33 UTC] PHP   1. {main}() /home/ubuntu/workspace/noguzm/final/function/login.php:0
[08-Dec-2017 00:07:33 UTC] PHP Fatal error:  Call to undefined function getDatabaseConnection() in /home/ubuntu/workspace/noguzm/final/function/login.php on line 6
[08-Dec-2017 00:07:33 UTC] PHP Stack trace:
[08-Dec-2017 00:07:33 UTC] PHP   1. {main}() /home/ubuntu/workspace/noguzm/final/function/login.php:0
[08-Dec-2017 00:08:44 UTC] PHP Warning:  include(../dbConnection.php): failed to open stream: No such file or directory in /home/ubuntu/workspace/noguzm/final/function/gameData.php on line 3
[08-Dec-2017 00:08:44 UTC] PHP Stack trace:
[08-Dec-2017 00:08:44 UTC] PHP   1. {main}() /home/ubuntu/workspace/noguzm/final/function/gameData.php:0
[08-Dec-2017 00:08:44 UTC] PHP Warning:  include(): Failed opening '../dbConnection.php' for inclusion (include_path='.:/usr/share/php:/usr/share/pear') in /home/ubuntu/workspace/noguzm/final/function/gameData.php on line 3
[08-Dec-2017 00:08:44 UTC] PHP Stack trace:
[08-Dec-2017 00:08:44 UTC] PHP   1. {main}() /home/ubuntu/workspace/noguzm/final/function/gameData.php:0
[08-Dec-2017 00:08:44 UTC] PHP Fatal error:  Call to undefined function getDatabaseConnection() in /home/ubuntu/workspace/noguzm/final/function/gameData.php on line 4
[08-Dec-2017 00:08:44 UTC] PHP Stack trace:
[08-Dec-2017 00:08:44 UTC] PHP   1. {main}() /home/ubuntu/workspace/noguzm/final/function/gameData.php:0
[08-Dec-2017 05:28:04 UTC] PHP Warning:  move_uploaded_file(img/superman64.jpg): failed to open stream: No such file or directory in /home/ubuntu/workspace/noguzm/final/function/addFunction.php on line 13
[08-Dec-2017 05:28:04 UTC] PHP Stack trace:
[08-Dec-2017 05:28:04 UTC] PHP   1. {main}() /home/ubuntu/workspace/noguzm/final/function/addFunction.php:0
[08-Dec-2017 05:28:04 UTC] PHP   2. move_uploaded_file() /home/ubuntu/workspace/noguzm/final/function/addFunction.php:13
[08-Dec-2017 05:28:04 UTC] PHP Warning:  move_uploaded_file(): Unable to move '/tmp/php13TEs5' to 'img/superman64.jpg' in /home/ubuntu/workspace/noguzm/final/function/addFunction.php on line 13
[08-Dec-2017 05:28:04 UTC] PHP Stack trace:
[08-Dec-2017 05:28:04 UTC] PHP   1. {main}() /home/ubuntu/workspace/noguzm/final/function/addFunction.php:0
[08-Dec-2017 05:28:04 UTC] PHP   2. move_uploaded_file() /home/ubuntu/workspace/noguzm/final/function/addFunction.php:13
